<?xml version="1.0" encoding="UTF-8"?>
<testsuite name="com.example.keyboard.KeyboardApplicationTests" tests="1" skipped="0" failures="0" errors="0" timestamp="2024-02-27T02:25:30" hostname="DESKTOP-D0K5P3A" time="1.311">
  <properties/>
  <testcase name="contextLoads()" classname="com.example.keyboard.KeyboardApplicationTests" time="1.311"/>
  <system-out><![CDATA[11:25:20.646 [Test worker] INFO org.springframework.test.context.support.AnnotationConfigContextLoaderUtils -- Could not detect default configuration classes for test class [com.example.keyboard.KeyboardApplicationTests]: KeyboardApplicationTests does not declare any static, non-private, non-final, nested classes annotated with @Configuration.
11:25:20.928 [Test worker] INFO org.springframework.boot.test.context.SpringBootTestContextBootstrapper -- Found @SpringBootConfiguration com.example.keyboard.KeyboardApplication for test class com.example.keyboard.KeyboardApplicationTests

  .   ____          _            __ _ _
 /\\ / ___'_ __ _ _(_)_ __  __ _ \ \ \ \
( ( )\___ | '_ | '_| | '_ \/ _` | \ \ \ \
 \\/  ___)| |_)| | | | | || (_| |  ) ) ) )
  '  |____| .__|_| |_|_| |_\__, | / / / /
 =========|_|==============|___/=/_/_/_/
 :: Spring Boot ::                (v3.2.1)

2024-02-27T11:25:21.748+09:00  INFO 8852 --- [    Test worker] c.e.keyboard.KeyboardApplicationTests    : Starting KeyboardApplicationTests using Java 17.0.6 with PID 8852 (started by 개미인스 in C:\Users\개미인스\Desktop\조선 타자기\git\Keyboard_backend)
2024-02-27T11:25:21.751+09:00  INFO 8852 --- [    Test worker] c.e.keyboard.KeyboardApplicationTests    : No active profile set, falling back to 1 default profile: "default"
2024-02-27T11:25:23.396+09:00  INFO 8852 --- [    Test worker] .s.d.r.c.RepositoryConfigurationDelegate : Multiple Spring Data modules found, entering strict repository configuration mode
2024-02-27T11:25:23.400+09:00  INFO 8852 --- [    Test worker] .s.d.r.c.RepositoryConfigurationDelegate : Bootstrapping Spring Data JPA repositories in DEFAULT mode.
2024-02-27T11:25:23.455+09:00  INFO 8852 --- [    Test worker] .s.d.r.c.RepositoryConfigurationDelegate : Finished Spring Data repository scanning in 35 ms. Found 0 JPA repository interfaces.
2024-02-27T11:25:23.490+09:00  INFO 8852 --- [    Test worker] .s.d.r.c.RepositoryConfigurationDelegate : Multiple Spring Data modules found, entering strict repository configuration mode
2024-02-27T11:25:23.493+09:00  INFO 8852 --- [    Test worker] .s.d.r.c.RepositoryConfigurationDelegate : Bootstrapping Spring Data Redis repositories in DEFAULT mode.
2024-02-27T11:25:23.519+09:00  INFO 8852 --- [    Test worker] .s.d.r.c.RepositoryConfigurationDelegate : Finished Spring Data repository scanning in 9 ms. Found 0 Redis repository interfaces.
2024-02-27T11:25:25.469+09:00  INFO 8852 --- [    Test worker] com.zaxxer.hikari.HikariDataSource       : HikariPool-1 - Starting...
2024-02-27T11:25:26.087+09:00  INFO 8852 --- [    Test worker] com.zaxxer.hikari.pool.HikariPool        : HikariPool-1 - Added connection com.mysql.cj.jdbc.ConnectionImpl@fd87c22
2024-02-27T11:25:26.090+09:00  INFO 8852 --- [    Test worker] com.zaxxer.hikari.HikariDataSource       : HikariPool-1 - Start completed.
2024-02-27T11:25:26.163+09:00  INFO 8852 --- [    Test worker] o.hibernate.jpa.internal.util.LogHelper  : HHH000204: Processing PersistenceUnitInfo [name: default]
2024-02-27T11:25:26.343+09:00  INFO 8852 --- [    Test worker] org.hibernate.Version                    : HHH000412: Hibernate ORM core version 6.4.1.Final
2024-02-27T11:25:26.446+09:00  INFO 8852 --- [    Test worker] o.h.c.internal.RegionFactoryInitiator    : HHH000026: Second-level cache disabled
2024-02-27T11:25:27.018+09:00  INFO 8852 --- [    Test worker] o.s.o.j.p.SpringPersistenceUnitInfo      : No LoadTimeWeaver setup: ignoring JPA class transformer
2024-02-27T11:25:27.774+09:00  INFO 8852 --- [    Test worker] o.h.e.t.j.p.i.JtaPlatformInitiator       : HHH000489: No JTA platform available (set 'hibernate.transaction.jta.platform' to enable JTA platform integration)
2024-02-27T11:25:27.785+09:00  INFO 8852 --- [    Test worker] j.LocalContainerEntityManagerFactoryBean : Initialized JPA EntityManagerFactory for persistence unit 'default'
2024-02-27T11:25:28.985+09:00  WARN 8852 --- [    Test worker] JpaBaseConfiguration$JpaWebConfiguration : spring.jpa.open-in-view is enabled by default. Therefore, database queries may be performed during view rendering. Explicitly configure spring.jpa.open-in-view to disable this warning
2024-02-27T11:25:29.247+09:00  INFO 8852 --- [    Test worker] o.s.b.a.w.s.WelcomePageHandlerMapping    : Adding welcome page: class path resource [static/index.html]
2024-02-27T11:25:29.706+09:00  INFO 8852 --- [    Test worker] o.s.s.web.DefaultSecurityFilterChain     : Will secure any request with [org.springframework.security.web.session.DisableEncodeUrlFilter@7be9e9fc, org.springframework.security.web.context.request.async.WebAsyncManagerIntegrationFilter@7e864fa4, org.springframework.security.web.context.SecurityContextHolderFilter@62eb918, org.springframework.security.web.header.HeaderWriterFilter@3a388769, org.springframework.web.filter.CorsFilter@452d6fd, org.springframework.security.web.authentication.logout.LogoutFilter@29f86630, com.example.keyboard.config.Filter.JWTFilter@38dc1c50, com.example.keyboard.config.Filter.LoginFilter@ccea4be, org.springframework.security.web.savedrequest.RequestCacheAwareFilter@37e28b20, org.springframework.security.web.servletapi.SecurityContextHolderAwareRequestFilter@31428f76, org.springframework.security.web.authentication.AnonymousAuthenticationFilter@40f931ec, org.springframework.security.web.session.SessionManagementFilter@755a4ef5, org.springframework.security.web.access.ExceptionTranslationFilter@649a6d88, org.springframework.security.web.access.intercept.AuthorizationFilter@2e7563f6]
2024-02-27T11:25:30.461+09:00  INFO 8852 --- [    Test worker] c.e.keyboard.KeyboardApplicationTests    : Started KeyboardApplicationTests in 9.175 seconds (process running for 12.658)
]]></system-out>
  <system-err><![CDATA[]]></system-err>
</testsuite>
