<?xml version="1.0" encoding="UTF-8"?>
<testsuite name="com.example.keyboard.KeyboardApplicationTests" tests="1" skipped="0" failures="0" errors="0" timestamp="2024-01-26T04:09:36" hostname="DESKTOP-D0K5P3A" time="1.126">
  <properties/>
  <testcase name="contextLoads()" classname="com.example.keyboard.KeyboardApplicationTests" time="1.126"/>
  <system-out><![CDATA[13:09:24.130 [Test worker] INFO org.springframework.test.context.support.AnnotationConfigContextLoaderUtils -- Could not detect default configuration classes for test class [com.example.keyboard.KeyboardApplicationTests]: KeyboardApplicationTests does not declare any static, non-private, non-final, nested classes annotated with @Configuration.
13:09:24.317 [Test worker] INFO org.springframework.boot.test.context.SpringBootTestContextBootstrapper -- Found @SpringBootConfiguration com.example.keyboard.KeyboardApplication for test class com.example.keyboard.KeyboardApplicationTests

  .   ____          _            __ _ _
 /\\ / ___'_ __ _ _(_)_ __  __ _ \ \ \ \
( ( )\___ | '_ | '_| | '_ \/ _` | \ \ \ \
 \\/  ___)| |_)| | | | | || (_| |  ) ) ) )
  '  |____| .__|_| |_|_| |_\__, | / / / /
 =========|_|==============|___/=/_/_/_/
 :: Spring Boot ::                (v3.2.1)

2024-01-26T13:09:26.935+09:00  INFO 10684 --- [    Test worker] c.e.keyboard.KeyboardApplicationTests    : Starting KeyboardApplicationTests using Java 17.0.6 with PID 10684 (started by 개미인스 in C:\Users\개미인스\Desktop\조선 타자기\git\Keyboard_backend)
2024-01-26T13:09:26.939+09:00  INFO 10684 --- [    Test worker] c.e.keyboard.KeyboardApplicationTests    : No active profile set, falling back to 1 default profile: "default"
2024-01-26T13:09:29.058+09:00  INFO 10684 --- [    Test worker] .s.d.r.c.RepositoryConfigurationDelegate : Multiple Spring Data modules found, entering strict repository configuration mode
2024-01-26T13:09:29.064+09:00  INFO 10684 --- [    Test worker] .s.d.r.c.RepositoryConfigurationDelegate : Bootstrapping Spring Data JPA repositories in DEFAULT mode.
2024-01-26T13:09:29.137+09:00  INFO 10684 --- [    Test worker] .s.d.r.c.RepositoryConfigurationDelegate : Finished Spring Data repository scanning in 54 ms. Found 0 JPA repository interfaces.
2024-01-26T13:09:29.193+09:00  INFO 10684 --- [    Test worker] .s.d.r.c.RepositoryConfigurationDelegate : Multiple Spring Data modules found, entering strict repository configuration mode
2024-01-26T13:09:29.195+09:00  INFO 10684 --- [    Test worker] .s.d.r.c.RepositoryConfigurationDelegate : Bootstrapping Spring Data Redis repositories in DEFAULT mode.
2024-01-26T13:09:29.248+09:00  INFO 10684 --- [    Test worker] .s.d.r.c.RepositoryConfigurationDelegate : Finished Spring Data repository scanning in 30 ms. Found 0 Redis repository interfaces.
2024-01-26T13:09:31.026+09:00  INFO 10684 --- [    Test worker] com.zaxxer.hikari.HikariDataSource       : HikariPool-1 - Starting...
2024-01-26T13:09:31.600+09:00  INFO 10684 --- [    Test worker] com.zaxxer.hikari.pool.HikariPool        : HikariPool-1 - Added connection com.mysql.cj.jdbc.ConnectionImpl@83ebdc5
2024-01-26T13:09:31.626+09:00  INFO 10684 --- [    Test worker] com.zaxxer.hikari.HikariDataSource       : HikariPool-1 - Start completed.
2024-01-26T13:09:31.774+09:00  INFO 10684 --- [    Test worker] o.hibernate.jpa.internal.util.LogHelper  : HHH000204: Processing PersistenceUnitInfo [name: default]
2024-01-26T13:09:32.066+09:00  INFO 10684 --- [    Test worker] org.hibernate.Version                    : HHH000412: Hibernate ORM core version 6.4.1.Final
2024-01-26T13:09:32.154+09:00  INFO 10684 --- [    Test worker] o.h.c.internal.RegionFactoryInitiator    : HHH000026: Second-level cache disabled
2024-01-26T13:09:32.735+09:00  INFO 10684 --- [    Test worker] o.s.o.j.p.SpringPersistenceUnitInfo      : No LoadTimeWeaver setup: ignoring JPA class transformer
2024-01-26T13:09:33.497+09:00  INFO 10684 --- [    Test worker] o.h.e.t.j.p.i.JtaPlatformInitiator       : HHH000489: No JTA platform available (set 'hibernate.transaction.jta.platform' to enable JTA platform integration)
2024-01-26T13:09:33.507+09:00  INFO 10684 --- [    Test worker] j.LocalContainerEntityManagerFactoryBean : Initialized JPA EntityManagerFactory for persistence unit 'default'
2024-01-26T13:09:34.226+09:00  WARN 10684 --- [    Test worker] JpaBaseConfiguration$JpaWebConfiguration : spring.jpa.open-in-view is enabled by default. Therefore, database queries may be performed during view rendering. Explicitly configure spring.jpa.open-in-view to disable this warning
2024-01-26T13:09:34.661+09:00  INFO 10684 --- [    Test worker] o.s.b.a.w.s.WelcomePageHandlerMapping    : Adding welcome page: class path resource [static/index.html]
2024-01-26T13:09:35.129+09:00  INFO 10684 --- [    Test worker] o.s.s.web.DefaultSecurityFilterChain     : Will secure any request with [org.springframework.security.web.session.DisableEncodeUrlFilter@68a7f77a, org.springframework.security.web.context.request.async.WebAsyncManagerIntegrationFilter@4960b819, org.springframework.security.web.context.SecurityContextHolderFilter@2df24f19, org.springframework.security.web.header.HeaderWriterFilter@795e8ef5, org.springframework.web.filter.CorsFilter@1e987f59, org.springframework.security.web.authentication.logout.LogoutFilter@108fd5d5, com.example.keyboard.config.Filter.JWTFilter@192aeae2, com.example.keyboard.config.Filter.LoginFilter@4ee1c29a, org.springframework.security.web.savedrequest.RequestCacheAwareFilter@5318731f, org.springframework.security.web.servletapi.SecurityContextHolderAwareRequestFilter@2db82155, org.springframework.security.web.authentication.AnonymousAuthenticationFilter@28d1b2f, org.springframework.security.web.session.SessionManagementFilter@10b7b5f0, org.springframework.security.web.access.ExceptionTranslationFilter@68c3aa38, org.springframework.security.web.access.intercept.AuthorizationFilter@2480acc3]
2024-01-26T13:09:36.947+09:00  INFO 10684 --- [    Test worker] c.e.keyboard.KeyboardApplicationTests    : Started KeyboardApplicationTests in 12.267 seconds (process running for 14.533)
]]></system-out>
  <system-err><![CDATA[]]></system-err>
</testsuite>
