<?xml version="1.0" encoding="UTF-8"?>
<testsuite name="com.example.keyboard.KeyboardApplicationTests" tests="1" skipped="0" failures="0" errors="0" timestamp="2024-02-16T04:07:12" hostname="DESKTOP-D0K5P3A" time="1.47">
  <properties/>
  <testcase name="contextLoads()" classname="com.example.keyboard.KeyboardApplicationTests" time="1.47"/>
  <system-out><![CDATA[13:07:01.108 [Test worker] INFO org.springframework.test.context.support.AnnotationConfigContextLoaderUtils -- Could not detect default configuration classes for test class [com.example.keyboard.KeyboardApplicationTests]: KeyboardApplicationTests does not declare any static, non-private, non-final, nested classes annotated with @Configuration.
13:07:01.365 [Test worker] INFO org.springframework.boot.test.context.SpringBootTestContextBootstrapper -- Found @SpringBootConfiguration com.example.keyboard.KeyboardApplication for test class com.example.keyboard.KeyboardApplicationTests

  .   ____          _            __ _ _
 /\\ / ___'_ __ _ _(_)_ __  __ _ \ \ \ \
( ( )\___ | '_ | '_| | '_ \/ _` | \ \ \ \
 \\/  ___)| |_)| | | | | || (_| |  ) ) ) )
  '  |____| .__|_| |_|_| |_\__, | / / / /
 =========|_|==============|___/=/_/_/_/
 :: Spring Boot ::                (v3.2.1)

2024-02-16T13:07:02.192+09:00  INFO 19692 --- [    Test worker] c.e.keyboard.KeyboardApplicationTests    : Starting KeyboardApplicationTests using Java 17.0.6 with PID 19692 (started by 개미인스 in C:\Users\개미인스\Desktop\조선 타자기\git\Keyboard_backend)
2024-02-16T13:07:02.194+09:00  INFO 19692 --- [    Test worker] c.e.keyboard.KeyboardApplicationTests    : No active profile set, falling back to 1 default profile: "default"
2024-02-16T13:07:02.272+09:00 DEBUG 19692 --- [    Test worker] o.s.w.c.s.GenericWebApplicationContext   : Refreshing org.springframework.web.context.support.GenericWebApplicationContext@21719a0
2024-02-16T13:07:04.318+09:00  INFO 19692 --- [    Test worker] .s.d.r.c.RepositoryConfigurationDelegate : Multiple Spring Data modules found, entering strict repository configuration mode
2024-02-16T13:07:04.323+09:00  INFO 19692 --- [    Test worker] .s.d.r.c.RepositoryConfigurationDelegate : Bootstrapping Spring Data JPA repositories in DEFAULT mode.
2024-02-16T13:07:04.381+09:00  INFO 19692 --- [    Test worker] .s.d.r.c.RepositoryConfigurationDelegate : Finished Spring Data repository scanning in 40 ms. Found 0 JPA repository interfaces.
2024-02-16T13:07:04.432+09:00  INFO 19692 --- [    Test worker] .s.d.r.c.RepositoryConfigurationDelegate : Multiple Spring Data modules found, entering strict repository configuration mode
2024-02-16T13:07:04.434+09:00  INFO 19692 --- [    Test worker] .s.d.r.c.RepositoryConfigurationDelegate : Bootstrapping Spring Data Redis repositories in DEFAULT mode.
2024-02-16T13:07:04.466+09:00  INFO 19692 --- [    Test worker] .s.d.r.c.RepositoryConfigurationDelegate : Finished Spring Data repository scanning in 11 ms. Found 0 Redis repository interfaces.
2024-02-16T13:07:06.141+09:00  INFO 19692 --- [    Test worker] com.zaxxer.hikari.HikariDataSource       : HikariPool-1 - Starting...
2024-02-16T13:07:06.688+09:00  INFO 19692 --- [    Test worker] com.zaxxer.hikari.pool.HikariPool        : HikariPool-1 - Added connection com.mysql.cj.jdbc.ConnectionImpl@1d2046bb
2024-02-16T13:07:06.691+09:00  INFO 19692 --- [    Test worker] com.zaxxer.hikari.HikariDataSource       : HikariPool-1 - Start completed.
2024-02-16T13:07:06.773+09:00 DEBUG 19692 --- [    Test worker] o.hibernate.jpa.internal.util.LogHelper  : PersistenceUnitInfo [
	name: default
	persistence provider classname: null
	classloader: jdk.internal.loader.ClassLoaders$AppClassLoader@70dea4e
	excludeUnlistedClasses: true
	JTA datasource: null
	Non JTA datasource: HikariDataSource (HikariPool-1)
	Transaction type: RESOURCE_LOCAL
	PU root URL: file:/C:/Users/%ea%b0%9c%eb%af%b8%ec%9d%b8%ec%8a%a4/Desktop/%ec%a1%b0%ec%84%a0%20%ed%83%80%ec%9e%90%ea%b8%b0/git/Keyboard_backend/build/classes/java/test/
	Shared Cache Mode: UNSPECIFIED
	Validation Mode: AUTO
	Jar files URLs []
	Managed classes names []
	Mapping files names []
	Properties []
2024-02-16T13:07:06.810+09:00 DEBUG 19692 --- [    Test worker] o.h.i.internal.IntegratorServiceImpl     : Adding Integrator [org.hibernate.boot.beanvalidation.BeanValidationIntegrator].
2024-02-16T13:07:06.832+09:00 DEBUG 19692 --- [    Test worker] o.h.i.internal.IntegratorServiceImpl     : Adding Integrator [org.hibernate.cache.internal.CollectionCacheInvalidator].
2024-02-16T13:07:06.994+09:00  INFO 19692 --- [    Test worker] org.hibernate.Version                    : HHH000412: Hibernate ORM core version 6.4.1.Final
2024-02-16T13:07:07.000+09:00 DEBUG 19692 --- [    Test worker] org.hibernate.cfg.Environment            : HHH000206: 'hibernate.properties' not found
2024-02-16T13:07:07.106+09:00 DEBUG 19692 --- [    Test worker] org.hibernate.orm.idgen.factory          : Registering IdentifierGenerator strategy [uuid2] -> [org.hibernate.id.UUIDGenerator]
2024-02-16T13:07:07.109+09:00 DEBUG 19692 --- [    Test worker] org.hibernate.orm.idgen.factory          : Registering IdentifierGenerator strategy [guid] -> [org.hibernate.id.GUIDGenerator]
2024-02-16T13:07:07.112+09:00 DEBUG 19692 --- [    Test worker] org.hibernate.orm.idgen.factory          : Registering IdentifierGenerator strategy [uuid] -> [org.hibernate.id.UUIDHexGenerator]
2024-02-16T13:07:07.114+09:00 DEBUG 19692 --- [    Test worker] org.hibernate.orm.idgen.factory          : Registering IdentifierGenerator strategy [uuid.hex] -> [org.hibernate.id.UUIDHexGenerator]
2024-02-16T13:07:07.115+09:00 DEBUG 19692 --- [    Test worker] org.hibernate.orm.idgen.factory          : Registering IdentifierGenerator strategy [assigned] -> [org.hibernate.id.Assigned]
2024-02-16T13:07:07.119+09:00 DEBUG 19692 --- [    Test worker] org.hibernate.orm.idgen.factory          : Registering IdentifierGenerator strategy [identity] -> [org.hibernate.id.IdentityGenerator]
2024-02-16T13:07:07.121+09:00 DEBUG 19692 --- [    Test worker] org.hibernate.orm.idgen.factory          : Registering IdentifierGenerator strategy [select] -> [org.hibernate.id.SelectGenerator]
2024-02-16T13:07:07.125+09:00 DEBUG 19692 --- [    Test worker] org.hibernate.orm.idgen.factory          : Registering IdentifierGenerator strategy [sequence] -> [org.hibernate.id.enhanced.SequenceStyleGenerator]
2024-02-16T13:07:07.126+09:00 DEBUG 19692 --- [    Test worker] org.hibernate.orm.idgen.factory          : Registering IdentifierGenerator strategy [increment] -> [org.hibernate.id.IncrementGenerator]
2024-02-16T13:07:07.128+09:00 DEBUG 19692 --- [    Test worker] org.hibernate.orm.idgen.factory          : Registering IdentifierGenerator strategy [foreign] -> [org.hibernate.id.ForeignGenerator]
2024-02-16T13:07:07.130+09:00 DEBUG 19692 --- [    Test worker] org.hibernate.orm.idgen.factory          : Registering IdentifierGenerator strategy [enhanced-sequence] -> [org.hibernate.id.enhanced.SequenceStyleGenerator]
2024-02-16T13:07:07.133+09:00 DEBUG 19692 --- [    Test worker] org.hibernate.orm.idgen.factory          : Registering IdentifierGenerator strategy [enhanced-table] -> [org.hibernate.id.enhanced.TableGenerator]
2024-02-16T13:07:07.160+09:00 DEBUG 19692 --- [    Test worker] o.h.c.internal.RegionFactoryInitiator    : Cannot default RegionFactory based on registered strategies as `[]` RegionFactory strategies were registered
2024-02-16T13:07:07.162+09:00  INFO 19692 --- [    Test worker] o.h.c.internal.RegionFactoryInitiator    : HHH000026: Second-level cache disabled
2024-02-16T13:07:07.499+09:00 DEBUG 19692 --- [    Test worker] org.hibernate.type.BasicTypeRegistry     : Adding type registration boolean -> org.hibernate.type.BasicTypeReference@1a3c4b3e
2024-02-16T13:07:07.500+09:00 DEBUG 19692 --- [    Test worker] org.hibernate.type.BasicTypeRegistry     : Adding type registration boolean -> org.hibernate.type.BasicTypeReference@1a3c4b3e
2024-02-16T13:07:07.501+09:00 DEBUG 19692 --- [    Test worker] org.hibernate.type.BasicTypeRegistry     : Adding type registration java.lang.Boolean -> org.hibernate.type.BasicTypeReference@1a3c4b3e
2024-02-16T13:07:07.501+09:00 DEBUG 19692 --- [    Test worker] org.hibernate.type.BasicTypeRegistry     : Adding type registration numeric_boolean -> org.hibernate.type.BasicTypeReference@4746fb8c
2024-02-16T13:07:07.501+09:00 DEBUG 19692 --- [    Test worker] org.hibernate.type.BasicTypeRegistry     : Adding type registration org.hibernate.type.NumericBooleanConverter -> org.hibernate.type.BasicTypeReference@4746fb8c
2024-02-16T13:07:07.501+09:00 DEBUG 19692 --- [    Test worker] org.hibernate.type.BasicTypeRegistry     : Adding type registration true_false -> org.hibernate.type.BasicTypeReference@3be46d9c
2024-02-16T13:07:07.501+09:00 DEBUG 19692 --- [    Test worker] org.hibernate.type.BasicTypeRegistry     : Adding type registration org.hibernate.type.TrueFalseConverter -> org.hibernate.type.BasicTypeReference@3be46d9c
2024-02-16T13:07:07.502+09:00 DEBUG 19692 --- [    Test worker] org.hibernate.type.BasicTypeRegistry     : Adding type registration yes_no -> org.hibernate.type.BasicTypeReference@41d877bb
2024-02-16T13:07:07.502+09:00 DEBUG 19692 --- [    Test worker] org.hibernate.type.BasicTypeRegistry     : Adding type registration org.hibernate.type.YesNoConverter -> org.hibernate.type.BasicTypeReference@41d877bb
2024-02-16T13:07:07.503+09:00 DEBUG 19692 --- [    Test worker] org.hibernate.type.BasicTypeRegistry     : Adding type registration byte -> org.hibernate.type.BasicTypeReference@39c5a105
2024-02-16T13:07:07.504+09:00 DEBUG 19692 --- [    Test worker] org.hibernate.type.BasicTypeRegistry     : Adding type registration byte -> org.hibernate.type.BasicTypeReference@39c5a105
2024-02-16T13:07:07.505+09:00 DEBUG 19692 --- [    Test worker] org.hibernate.type.BasicTypeRegistry     : Adding type registration java.lang.Byte -> org.hibernate.type.BasicTypeReference@39c5a105
2024-02-16T13:07:07.505+09:00 DEBUG 19692 --- [    Test worker] org.hibernate.type.BasicTypeRegistry     : Adding type registration binary -> org.hibernate.type.BasicTypeReference@492fa72a
2024-02-16T13:07:07.505+09:00 DEBUG 19692 --- [    Test worker] org.hibernate.type.BasicTypeRegistry     : Adding type registration byte[] -> org.hibernate.type.BasicTypeReference@492fa72a
2024-02-16T13:07:07.505+09:00 DEBUG 19692 --- [    Test worker] org.hibernate.type.BasicTypeRegistry     : Adding type registration [B -> org.hibernate.type.BasicTypeReference@492fa72a
2024-02-16T13:07:07.506+09:00 DEBUG 19692 --- [    Test worker] org.hibernate.type.BasicTypeRegistry     : Adding type registration binary_wrapper -> org.hibernate.type.BasicTypeReference@513fab1e
2024-02-16T13:07:07.506+09:00 DEBUG 19692 --- [    Test worker] org.hibernate.type.BasicTypeRegistry     : Adding type registration wrapper-binary -> org.hibernate.type.BasicTypeReference@513fab1e
2024-02-16T13:07:07.506+09:00 DEBUG 19692 --- [    Test worker] org.hibernate.type.BasicTypeRegistry     : Adding type registration image -> org.hibernate.type.BasicTypeReference@53d87b2d
2024-02-16T13:07:07.506+09:00 DEBUG 19692 --- [    Test worker] org.hibernate.type.BasicTypeRegistry     : Adding type registration blob -> org.hibernate.type.BasicTypeReference@470135da
2024-02-16T13:07:07.506+09:00 DEBUG 19692 --- [    Test worker] org.hibernate.type.BasicTypeRegistry     : Adding type registration java.sql.Blob -> org.hibernate.type.BasicTypeReference@470135da
2024-02-16T13:07:07.506+09:00 DEBUG 19692 --- [    Test worker] org.hibernate.type.BasicTypeRegistry     : Adding type registration materialized_blob -> org.hibernate.type.BasicTypeReference@7323dce7
2024-02-16T13:07:07.507+09:00 DEBUG 19692 --- [    Test worker] org.hibernate.type.BasicTypeRegistry     : Adding type registration materialized_blob_wrapper -> org.hibernate.type.BasicTypeReference@5f68eec6
2024-02-16T13:07:07.507+09:00 DEBUG 19692 --- [    Test worker] org.hibernate.type.BasicTypeRegistry     : Adding type registration short -> org.hibernate.type.BasicTypeReference@4ff9f715
2024-02-16T13:07:07.507+09:00 DEBUG 19692 --- [    Test worker] org.hibernate.type.BasicTypeRegistry     : Adding type registration short -> org.hibernate.type.BasicTypeReference@4ff9f715
2024-02-16T13:07:07.507+09:00 DEBUG 19692 --- [    Test worker] org.hibernate.type.BasicTypeRegistry     : Adding type registration java.lang.Short -> org.hibernate.type.BasicTypeReference@4ff9f715
2024-02-16T13:07:07.508+09:00 DEBUG 19692 --- [    Test worker] org.hibernate.type.BasicTypeRegistry     : Adding type registration integer -> org.hibernate.type.BasicTypeReference@118a4d5
2024-02-16T13:07:07.508+09:00 DEBUG 19692 --- [    Test worker] org.hibernate.type.BasicTypeRegistry     : Adding type registration int -> org.hibernate.type.BasicTypeReference@118a4d5
2024-02-16T13:07:07.508+09:00 DEBUG 19692 --- [    Test worker] org.hibernate.type.BasicTypeRegistry     : Adding type registration java.lang.Integer -> org.hibernate.type.BasicTypeReference@118a4d5
2024-02-16T13:07:07.508+09:00 DEBUG 19692 --- [    Test worker] org.hibernate.type.BasicTypeRegistry     : Adding type registration long -> org.hibernate.type.BasicTypeReference@6cb194f5
2024-02-16T13:07:07.508+09:00 DEBUG 19692 --- [    Test worker] org.hibernate.type.BasicTypeRegistry     : Adding type registration long -> org.hibernate.type.BasicTypeReference@6cb194f5
2024-02-16T13:07:07.508+09:00 DEBUG 19692 --- [    Test worker] org.hibernate.type.BasicTypeRegistry     : Adding type registration java.lang.Long -> org.hibernate.type.BasicTypeReference@6cb194f5
2024-02-16T13:07:07.508+09:00 DEBUG 19692 --- [    Test worker] org.hibernate.type.BasicTypeRegistry     : Adding type registration float -> org.hibernate.type.BasicTypeReference@74b7497b
2024-02-16T13:07:07.508+09:00 DEBUG 19692 --- [    Test worker] org.hibernate.type.BasicTypeRegistry     : Adding type registration float -> org.hibernate.type.BasicTypeReference@74b7497b
2024-02-16T13:07:07.508+09:00 DEBUG 19692 --- [    Test worker] org.hibernate.type.BasicTypeRegistry     : Adding type registration java.lang.Float -> org.hibernate.type.BasicTypeReference@74b7497b
2024-02-16T13:07:07.509+09:00 DEBUG 19692 --- [    Test worker] org.hibernate.type.BasicTypeRegistry     : Adding type registration double -> org.hibernate.type.BasicTypeReference@74f649a7
2024-02-16T13:07:07.510+09:00 DEBUG 19692 --- [    Test worker] org.hibernate.type.BasicTypeRegistry     : Adding type registration double -> org.hibernate.type.BasicTypeReference@74f649a7
2024-02-16T13:07:07.510+09:00 DEBUG 19692 --- [    Test worker] org.hibernate.type.BasicTypeRegistry     : Adding type registration java.lang.Double -> org.hibernate.type.BasicTypeReference@74f649a7
2024-02-16T13:07:07.510+09:00 DEBUG 19692 --- [    Test worker] org.hibernate.type.BasicTypeRegistry     : Adding type registration big_integer -> org.hibernate.type.BasicTypeReference@308c65e0
2024-02-16T13:07:07.510+09:00 DEBUG 19692 --- [    Test worker] org.hibernate.type.BasicTypeRegistry     : Adding type registration java.math.BigInteger -> org.hibernate.type.BasicTypeReference@308c65e0
2024-02-16T13:07:07.510+09:00 DEBUG 19692 --- [    Test worker] org.hibernate.type.BasicTypeRegistry     : Adding type registration big_decimal -> org.hibernate.type.BasicTypeReference@50fa5938
2024-02-16T13:07:07.510+09:00 DEBUG 19692 --- [    Test worker] org.hibernate.type.BasicTypeRegistry     : Adding type registration java.math.BigDecimal -> org.hibernate.type.BasicTypeReference@50fa5938
2024-02-16T13:07:07.510+09:00 DEBUG 19692 --- [    Test worker] org.hibernate.type.BasicTypeRegistry     : Adding type registration character -> org.hibernate.type.BasicTypeReference@1e482ecd
2024-02-16T13:07:07.511+09:00 DEBUG 19692 --- [    Test worker] org.hibernate.type.BasicTypeRegistry     : Adding type registration char -> org.hibernate.type.BasicTypeReference@1e482ecd
2024-02-16T13:07:07.511+09:00 DEBUG 19692 --- [    Test worker] org.hibernate.type.BasicTypeRegistry     : Adding type registration java.lang.Character -> org.hibernate.type.BasicTypeReference@1e482ecd
2024-02-16T13:07:07.511+09:00 DEBUG 19692 --- [    Test worker] org.hibernate.type.BasicTypeRegistry     : Adding type registration character_nchar -> org.hibernate.type.BasicTypeReference@58b5f7d2
2024-02-16T13:07:07.511+09:00 DEBUG 19692 --- [    Test worker] org.hibernate.type.BasicTypeRegistry     : Adding type registration string -> org.hibernate.type.BasicTypeReference@bc52a41
2024-02-16T13:07:07.511+09:00 DEBUG 19692 --- [    Test worker] org.hibernate.type.BasicTypeRegistry     : Adding type registration java.lang.String -> org.hibernate.type.BasicTypeReference@bc52a41
2024-02-16T13:07:07.511+09:00 DEBUG 19692 --- [    Test worker] org.hibernate.type.BasicTypeRegistry     : Adding type registration nstring -> org.hibernate.type.BasicTypeReference@9f48198
2024-02-16T13:07:07.511+09:00 DEBUG 19692 --- [    Test worker] org.hibernate.type.BasicTypeRegistry     : Adding type registration characters -> org.hibernate.type.BasicTypeReference@5615f82d
2024-02-16T13:07:07.511+09:00 DEBUG 19692 --- [    Test worker] org.hibernate.type.BasicTypeRegistry     : Adding type registration char[] -> org.hibernate.type.BasicTypeReference@5615f82d
2024-02-16T13:07:07.513+09:00 DEBUG 19692 --- [    Test worker] org.hibernate.type.BasicTypeRegistry     : Adding type registration [C -> org.hibernate.type.BasicTypeReference@5615f82d
2024-02-16T13:07:07.513+09:00 DEBUG 19692 --- [    Test worker] org.hibernate.type.BasicTypeRegistry     : Adding type registration wrapper-characters -> org.hibernate.type.BasicTypeReference@21698e5a
2024-02-16T13:07:07.513+09:00 DEBUG 19692 --- [    Test worker] org.hibernate.type.BasicTypeRegistry     : Adding type registration text -> org.hibernate.type.BasicTypeReference@3dc2f14
2024-02-16T13:07:07.513+09:00 DEBUG 19692 --- [    Test worker] org.hibernate.type.BasicTypeRegistry     : Adding type registration ntext -> org.hibernate.type.BasicTypeReference@2e8986b6
2024-02-16T13:07:07.513+09:00 DEBUG 19692 --- [    Test worker] org.hibernate.type.BasicTypeRegistry     : Adding type registration clob -> org.hibernate.type.BasicTypeReference@5724c7da
2024-02-16T13:07:07.513+09:00 DEBUG 19692 --- [    Test worker] org.hibernate.type.BasicTypeRegistry     : Adding type registration java.sql.Clob -> org.hibernate.type.BasicTypeReference@5724c7da
2024-02-16T13:07:07.513+09:00 DEBUG 19692 --- [    Test worker] org.hibernate.type.BasicTypeRegistry     : Adding type registration nclob -> org.hibernate.type.BasicTypeReference@3ad2883a
2024-02-16T13:07:07.513+09:00 DEBUG 19692 --- [    Test worker] org.hibernate.type.BasicTypeRegistry     : Adding type registration java.sql.NClob -> org.hibernate.type.BasicTypeReference@3ad2883a
2024-02-16T13:07:07.514+09:00 DEBUG 19692 --- [    Test worker] org.hibernate.type.BasicTypeRegistry     : Adding type registration materialized_clob -> org.hibernate.type.BasicTypeReference@5814b4fb
2024-02-16T13:07:07.514+09:00 DEBUG 19692 --- [    Test worker] org.hibernate.type.BasicTypeRegistry     : Adding type registration materialized_clob_char_array -> org.hibernate.type.BasicTypeReference@3aca2579
2024-02-16T13:07:07.514+09:00 DEBUG 19692 --- [    Test worker] org.hibernate.type.BasicTypeRegistry     : Adding type registration materialized_clob_character_array -> org.hibernate.type.BasicTypeReference@4ba13fed
2024-02-16T13:07:07.514+09:00 DEBUG 19692 --- [    Test worker] org.hibernate.type.BasicTypeRegistry     : Adding type registration materialized_nclob -> org.hibernate.type.BasicTypeReference@651cedfb
2024-02-16T13:07:07.514+09:00 DEBUG 19692 --- [    Test worker] org.hibernate.type.BasicTypeRegistry     : Adding type registration materialized_nclob_character_array -> org.hibernate.type.BasicTypeReference@18d22ecf
2024-02-16T13:07:07.514+09:00 DEBUG 19692 --- [    Test worker] org.hibernate.type.BasicTypeRegistry     : Adding type registration materialized_nclob_char_array -> org.hibernate.type.BasicTypeReference@73d83141
2024-02-16T13:07:07.514+09:00 DEBUG 19692 --- [    Test worker] org.hibernate.type.BasicTypeRegistry     : Adding type registration Duration -> org.hibernate.type.BasicTypeReference@31443680
2024-02-16T13:07:07.514+09:00 DEBUG 19692 --- [    Test worker] org.hibernate.type.BasicTypeRegistry     : Adding type registration java.time.Duration -> org.hibernate.type.BasicTypeReference@31443680
2024-02-16T13:07:07.514+09:00 DEBUG 19692 --- [    Test worker] org.hibernate.type.BasicTypeRegistry     : Adding type registration LocalDateTime -> org.hibernate.type.BasicTypeReference@33356666
2024-02-16T13:07:07.514+09:00 DEBUG 19692 --- [    Test worker] org.hibernate.type.BasicTypeRegistry     : Adding type registration java.time.LocalDateTime -> org.hibernate.type.BasicTypeReference@33356666
2024-02-16T13:07:07.514+09:00 DEBUG 19692 --- [    Test worker] org.hibernate.type.BasicTypeRegistry     : Adding type registration LocalDate -> org.hibernate.type.BasicTypeReference@3a988299
2024-02-16T13:07:07.515+09:00 DEBUG 19692 --- [    Test worker] org.hibernate.type.BasicTypeRegistry     : Adding type registration java.time.LocalDate -> org.hibernate.type.BasicTypeReference@3a988299
2024-02-16T13:07:07.515+09:00 DEBUG 19692 --- [    Test worker] org.hibernate.type.BasicTypeRegistry     : Adding type registration LocalTime -> org.hibernate.type.BasicTypeReference@878feb2
2024-02-16T13:07:07.515+09:00 DEBUG 19692 --- [    Test worker] org.hibernate.type.BasicTypeRegistry     : Adding type registration java.time.LocalTime -> org.hibernate.type.BasicTypeReference@878feb2
2024-02-16T13:07:07.516+09:00 DEBUG 19692 --- [    Test worker] org.hibernate.type.BasicTypeRegistry     : Adding type registration OffsetDateTime -> org.hibernate.type.BasicTypeReference@1818390b
2024-02-16T13:07:07.516+09:00 DEBUG 19692 --- [    Test worker] org.hibernate.type.BasicTypeRegistry     : Adding type registration java.time.OffsetDateTime -> org.hibernate.type.BasicTypeReference@1818390b
2024-02-16T13:07:07.516+09:00 DEBUG 19692 --- [    Test worker] org.hibernate.type.BasicTypeRegistry     : Adding type registration OffsetDateTimeWithTimezone -> org.hibernate.type.BasicTypeReference@67a38
2024-02-16T13:07:07.516+09:00 DEBUG 19692 --- [    Test worker] org.hibernate.type.BasicTypeRegistry     : Adding type registration OffsetDateTimeWithoutTimezone -> org.hibernate.type.BasicTypeReference@7ef4aceb
2024-02-16T13:07:07.518+09:00 DEBUG 19692 --- [    Test worker] org.hibernate.type.BasicTypeRegistry     : Adding type registration OffsetTime -> org.hibernate.type.BasicTypeReference@31b650e9
2024-02-16T13:07:07.518+09:00 DEBUG 19692 --- [    Test worker] org.hibernate.type.BasicTypeRegistry     : Adding type registration java.time.OffsetTime -> org.hibernate.type.BasicTypeReference@31b650e9
2024-02-16T13:07:07.518+09:00 DEBUG 19692 --- [    Test worker] org.hibernate.type.BasicTypeRegistry     : Adding type registration OffsetTimeUtc -> org.hibernate.type.BasicTypeReference@683fe7b5
2024-02-16T13:07:07.518+09:00 DEBUG 19692 --- [    Test worker] org.hibernate.type.BasicTypeRegistry     : Adding type registration OffsetTimeWithTimezone -> org.hibernate.type.BasicTypeReference@5b5b8730
2024-02-16T13:07:07.518+09:00 DEBUG 19692 --- [    Test worker] org.hibernate.type.BasicTypeRegistry     : Adding type registration OffsetTimeWithoutTimezone -> org.hibernate.type.BasicTypeReference@93fb44
2024-02-16T13:07:07.519+09:00 DEBUG 19692 --- [    Test worker] org.hibernate.type.BasicTypeRegistry     : Adding type registration ZonedDateTime -> org.hibernate.type.BasicTypeReference@321c2a7
2024-02-16T13:07:07.519+09:00 DEBUG 19692 --- [    Test worker] org.hibernate.type.BasicTypeRegistry     : Adding type registration java.time.ZonedDateTime -> org.hibernate.type.BasicTypeReference@321c2a7
2024-02-16T13:07:07.519+09:00 DEBUG 19692 --- [    Test worker] org.hibernate.type.BasicTypeRegistry     : Adding type registration ZonedDateTimeWithTimezone -> org.hibernate.type.BasicTypeReference@14b48f39
2024-02-16T13:07:07.519+09:00 DEBUG 19692 --- [    Test worker] org.hibernate.type.BasicTypeRegistry     : Adding type registration ZonedDateTimeWithoutTimezone -> org.hibernate.type.BasicTypeReference@13d1f898
2024-02-16T13:07:07.519+09:00 DEBUG 19692 --- [    Test worker] org.hibernate.type.BasicTypeRegistry     : Adding type registration date -> org.hibernate.type.BasicTypeReference@c87787d
2024-02-16T13:07:07.520+09:00 DEBUG 19692 --- [    Test worker] org.hibernate.type.BasicTypeRegistry     : Adding type registration java.sql.Date -> org.hibernate.type.BasicTypeReference@c87787d
2024-02-16T13:07:07.520+09:00 DEBUG 19692 --- [    Test worker] org.hibernate.type.BasicTypeRegistry     : Adding type registration time -> org.hibernate.type.BasicTypeReference@1bea7b0
2024-02-16T13:07:07.520+09:00 DEBUG 19692 --- [    Test worker] org.hibernate.type.BasicTypeRegistry     : Adding type registration java.sql.Time -> org.hibernate.type.BasicTypeReference@1bea7b0
2024-02-16T13:07:07.520+09:00 DEBUG 19692 --- [    Test worker] org.hibernate.type.BasicTypeRegistry     : Adding type registration timestamp -> org.hibernate.type.BasicTypeReference@31433df9
2024-02-16T13:07:07.521+09:00 DEBUG 19692 --- [    Test worker] org.hibernate.type.BasicTypeRegistry     : Adding type registration java.sql.Timestamp -> org.hibernate.type.BasicTypeReference@31433df9
2024-02-16T13:07:07.521+09:00 DEBUG 19692 --- [    Test worker] org.hibernate.type.BasicTypeRegistry     : Adding type registration java.util.Date -> org.hibernate.type.BasicTypeReference@31433df9
2024-02-16T13:07:07.521+09:00 DEBUG 19692 --- [    Test worker] org.hibernate.type.BasicTypeRegistry     : Adding type registration calendar -> org.hibernate.type.BasicTypeReference@2d4a0671
2024-02-16T13:07:07.521+09:00 DEBUG 19692 --- [    Test worker] org.hibernate.type.BasicTypeRegistry     : Adding type registration java.util.Calendar -> org.hibernate.type.BasicTypeReference@2d4a0671
2024-02-16T13:07:07.526+09:00 DEBUG 19692 --- [    Test worker] org.hibernate.type.BasicTypeRegistry     : Adding type registration java.util.GregorianCalendar -> org.hibernate.type.BasicTypeReference@2d4a0671
2024-02-16T13:07:07.528+09:00 DEBUG 19692 --- [    Test worker] org.hibernate.type.BasicTypeRegistry     : Adding type registration calendar_date -> org.hibernate.type.BasicTypeReference@1ab9c735
2024-02-16T13:07:07.528+09:00 DEBUG 19692 --- [    Test worker] org.hibernate.type.BasicTypeRegistry     : Adding type registration calendar_time -> org.hibernate.type.BasicTypeReference@6e4e60f5
2024-02-16T13:07:07.529+09:00 DEBUG 19692 --- [    Test worker] org.hibernate.type.BasicTypeRegistry     : Adding type registration instant -> org.hibernate.type.BasicTypeReference@464a3430
2024-02-16T13:07:07.529+09:00 DEBUG 19692 --- [    Test worker] org.hibernate.type.BasicTypeRegistry     : Adding type registration java.time.Instant -> org.hibernate.type.BasicTypeReference@464a3430
2024-02-16T13:07:07.530+09:00 DEBUG 19692 --- [    Test worker] org.hibernate.type.BasicTypeRegistry     : Adding type registration uuid -> org.hibernate.type.BasicTypeReference@3bcedb06
2024-02-16T13:07:07.530+09:00 DEBUG 19692 --- [    Test worker] org.hibernate.type.BasicTypeRegistry     : Adding type registration java.util.UUID -> org.hibernate.type.BasicTypeReference@3bcedb06
2024-02-16T13:07:07.530+09:00 DEBUG 19692 --- [    Test worker] org.hibernate.type.BasicTypeRegistry     : Adding type registration pg-uuid -> org.hibernate.type.BasicTypeReference@3bcedb06
2024-02-16T13:07:07.530+09:00 DEBUG 19692 --- [    Test worker] org.hibernate.type.BasicTypeRegistry     : Adding type registration uuid-binary -> org.hibernate.type.BasicTypeReference@6f9a3325
2024-02-16T13:07:07.531+09:00 DEBUG 19692 --- [    Test worker] org.hibernate.type.BasicTypeRegistry     : Adding type registration uuid-char -> org.hibernate.type.BasicTypeReference@72ceafeb
2024-02-16T13:07:07.531+09:00 DEBUG 19692 --- [    Test worker] org.hibernate.type.BasicTypeRegistry     : Adding type registration class -> org.hibernate.type.BasicTypeReference@65b2ee36
2024-02-16T13:07:07.531+09:00 DEBUG 19692 --- [    Test worker] org.hibernate.type.BasicTypeRegistry     : Adding type registration java.lang.Class -> org.hibernate.type.BasicTypeReference@65b2ee36
2024-02-16T13:07:07.531+09:00 DEBUG 19692 --- [    Test worker] org.hibernate.type.BasicTypeRegistry     : Adding type registration currency -> org.hibernate.type.BasicTypeReference@28e91f6d
2024-02-16T13:07:07.532+09:00 DEBUG 19692 --- [    Test worker] org.hibernate.type.BasicTypeRegistry     : Adding type registration Currency -> org.hibernate.type.BasicTypeReference@28e91f6d
2024-02-16T13:07:07.532+09:00 DEBUG 19692 --- [    Test worker] org.hibernate.type.BasicTypeRegistry     : Adding type registration java.util.Currency -> org.hibernate.type.BasicTypeReference@28e91f6d
2024-02-16T13:07:07.533+09:00 DEBUG 19692 --- [    Test worker] org.hibernate.type.BasicTypeRegistry     : Adding type registration locale -> org.hibernate.type.BasicTypeReference@16d4024e
2024-02-16T13:07:07.533+09:00 DEBUG 19692 --- [    Test worker] org.hibernate.type.BasicTypeRegistry     : Adding type registration java.util.Locale -> org.hibernate.type.BasicTypeReference@16d4024e
2024-02-16T13:07:07.535+09:00 DEBUG 19692 --- [    Test worker] org.hibernate.type.BasicTypeRegistry     : Adding type registration serializable -> org.hibernate.type.BasicTypeReference@11e24688
2024-02-16T13:07:07.536+09:00 DEBUG 19692 --- [    Test worker] org.hibernate.type.BasicTypeRegistry     : Adding type registration java.io.Serializable -> org.hibernate.type.BasicTypeReference@11e24688
2024-02-16T13:07:07.536+09:00 DEBUG 19692 --- [    Test worker] org.hibernate.type.BasicTypeRegistry     : Adding type registration timezone -> org.hibernate.type.BasicTypeReference@63d3c9dc
2024-02-16T13:07:07.537+09:00 DEBUG 19692 --- [    Test worker] org.hibernate.type.BasicTypeRegistry     : Adding type registration java.util.TimeZone -> org.hibernate.type.BasicTypeReference@63d3c9dc
2024-02-16T13:07:07.538+09:00 DEBUG 19692 --- [    Test worker] org.hibernate.type.BasicTypeRegistry     : Adding type registration ZoneOffset -> org.hibernate.type.BasicTypeReference@3a1a0bc
2024-02-16T13:07:07.538+09:00 DEBUG 19692 --- [    Test worker] org.hibernate.type.BasicTypeRegistry     : Adding type registration java.time.ZoneOffset -> org.hibernate.type.BasicTypeReference@3a1a0bc
2024-02-16T13:07:07.539+09:00 DEBUG 19692 --- [    Test worker] org.hibernate.type.BasicTypeRegistry     : Adding type registration url -> org.hibernate.type.BasicTypeReference@35d114f4
2024-02-16T13:07:07.540+09:00 DEBUG 19692 --- [    Test worker] org.hibernate.type.BasicTypeRegistry     : Adding type registration java.net.URL -> org.hibernate.type.BasicTypeReference@35d114f4
2024-02-16T13:07:07.540+09:00 DEBUG 19692 --- [    Test worker] org.hibernate.type.BasicTypeRegistry     : Adding type registration vector -> org.hibernate.type.BasicTypeReference@3684d2c0
2024-02-16T13:07:07.540+09:00 DEBUG 19692 --- [    Test worker] org.hibernate.type.BasicTypeRegistry     : Adding type registration row_version -> org.hibernate.type.BasicTypeReference@4be460e5
2024-02-16T13:07:07.549+09:00 DEBUG 19692 --- [    Test worker] org.hibernate.type.BasicTypeRegistry     : Adding type registration object -> org.hibernate.type.JavaObjectType@335972a5
2024-02-16T13:07:07.550+09:00 DEBUG 19692 --- [    Test worker] org.hibernate.type.BasicTypeRegistry     : Adding type registration java.lang.Object -> org.hibernate.type.JavaObjectType@335972a5
2024-02-16T13:07:07.558+09:00 DEBUG 19692 --- [    Test worker] org.hibernate.type.BasicTypeRegistry     : Adding type registration null -> org.hibernate.type.NullType@3275a47f
2024-02-16T13:07:07.559+09:00 DEBUG 19692 --- [    Test worker] org.hibernate.type.BasicTypeRegistry     : Adding type registration imm_date -> org.hibernate.type.BasicTypeReference@1b5af65b
2024-02-16T13:07:07.560+09:00 DEBUG 19692 --- [    Test worker] org.hibernate.type.BasicTypeRegistry     : Adding type registration imm_time -> org.hibernate.type.BasicTypeReference@2e0163cb
2024-02-16T13:07:07.560+09:00 DEBUG 19692 --- [    Test worker] org.hibernate.type.BasicTypeRegistry     : Adding type registration imm_timestamp -> org.hibernate.type.BasicTypeReference@6b289535
2024-02-16T13:07:07.561+09:00 DEBUG 19692 --- [    Test worker] org.hibernate.type.BasicTypeRegistry     : Adding type registration imm_calendar -> org.hibernate.type.BasicTypeReference@74619273
2024-02-16T13:07:07.562+09:00 DEBUG 19692 --- [    Test worker] org.hibernate.type.BasicTypeRegistry     : Adding type registration imm_calendar_date -> org.hibernate.type.BasicTypeReference@38c55a8a
2024-02-16T13:07:07.566+09:00 DEBUG 19692 --- [    Test worker] org.hibernate.type.BasicTypeRegistry     : Adding type registration imm_calendar_time -> org.hibernate.type.BasicTypeReference@1d7f7962
2024-02-16T13:07:07.567+09:00 DEBUG 19692 --- [    Test worker] org.hibernate.type.BasicTypeRegistry     : Adding type registration imm_binary -> org.hibernate.type.BasicTypeReference@32d1d6c5
2024-02-16T13:07:07.567+09:00 DEBUG 19692 --- [    Test worker] org.hibernate.type.BasicTypeRegistry     : Adding type registration imm_serializable -> org.hibernate.type.BasicTypeReference@4a5b38e6
2024-02-16T13:07:07.591+09:00 DEBUG 19692 --- [    Test worker] o.h.boot.internal.BootstrapContextImpl   : Injecting JPA temp ClassLoader [org.springframework.instrument.classloading.SimpleThrowawayClassLoader@34070bd2] into BootstrapContext; was [null]
2024-02-16T13:07:07.592+09:00 DEBUG 19692 --- [    Test worker] o.h.boot.internal.ClassLoaderAccessImpl  : ClassLoaderAccessImpl#injectTempClassLoader(org.springframework.instrument.classloading.SimpleThrowawayClassLoader@34070bd2) [was null]
2024-02-16T13:07:07.594+09:00 DEBUG 19692 --- [    Test worker] o.h.boot.internal.BootstrapContextImpl   : Injecting ScanEnvironment [org.hibernate.jpa.boot.internal.StandardJpaScanEnvironmentImpl@5c5f12e] into BootstrapContext; was [null]
2024-02-16T13:07:07.595+09:00 DEBUG 19692 --- [    Test worker] o.h.boot.internal.BootstrapContextImpl   : Injecting ScanOptions [org.hibernate.boot.archive.scan.internal.StandardScanOptions@23f8036d] into BootstrapContext; was [org.hibernate.boot.archive.scan.internal.StandardScanOptions@68f69ca3]
2024-02-16T13:07:07.689+09:00 DEBUG 19692 --- [    Test worker] o.h.b.i.BytecodeProviderInitiator        : HHH000021: Bytecode provider: bytebuddy
2024-02-16T13:07:07.977+09:00  INFO 19692 --- [    Test worker] o.s.o.j.p.SpringPersistenceUnitInfo      : No LoadTimeWeaver setup: ignoring JPA class transformer
2024-02-16T13:07:07.977+09:00 DEBUG 19692 --- [    Test worker] o.h.boot.internal.BootstrapContextImpl   : Injecting JPA temp ClassLoader [null] into BootstrapContext; was [org.springframework.instrument.classloading.SimpleThrowawayClassLoader@34070bd2]
2024-02-16T13:07:07.977+09:00 DEBUG 19692 --- [    Test worker] o.h.boot.internal.ClassLoaderAccessImpl  : ClassLoaderAccessImpl#injectTempClassLoader(null) [was org.springframework.instrument.classloading.SimpleThrowawayClassLoader@34070bd2]
2024-02-16T13:07:08.055+09:00 DEBUG 19692 --- [    Test worker] o.h.e.j.e.i.JdbcEnvironmentInitiator     : Database ->
       name : MySQL
    version : 8.0.36-0ubuntu0.22.04.1
      major : 8
      minor : 0
2024-02-16T13:07:08.056+09:00 DEBUG 19692 --- [    Test worker] o.h.e.j.e.i.JdbcEnvironmentInitiator     : Driver ->
       name : MySQL Connector/J
    version : mysql-connector-j-8.1.0 (Revision: 7b6f9a337afe6ccb41823df485bf848ca7952b09)
      major : 8
      minor : 1
2024-02-16T13:07:08.056+09:00 DEBUG 19692 --- [    Test worker] o.h.e.j.e.i.JdbcEnvironmentInitiator     : JDBC version : 4.2
2024-02-16T13:07:08.174+09:00 DEBUG 19692 --- [    Test worker] org.hibernate.orm.dialect                : HHH035001: Using dialect: org.hibernate.dialect.MySQLDialect, version: 8.0
2024-02-16T13:07:08.190+09:00 DEBUG 19692 --- [    Test worker] o.h.e.j.env.spi.IdentifierHelperBuilder  : JDBC driver metadata reported database stores quoted identifiers in more than one case
2024-02-16T13:07:08.190+09:00 DEBUG 19692 --- [    Test worker] o.h.e.j.env.spi.IdentifierHelperBuilder  : IdentifierCaseStrategy for both quoted and unquoted identifiers was set to the same strategy [MIXED]; that will likely lead to problems in schema update and validation if using quoted identifiers
2024-02-16T13:07:08.216+09:00 DEBUG 19692 --- [    Test worker] o.h.t.d.sql.spi.DdlTypeRegistry          : addDescriptor(12, org.hibernate.type.descriptor.sql.internal.CapacityDependentDdlType@4be7acd9) replaced previous registration(org.hibernate.type.descriptor.sql.internal.CapacityDependentDdlType@58afecfd)
2024-02-16T13:07:08.217+09:00 DEBUG 19692 --- [    Test worker] o.h.t.d.sql.spi.DdlTypeRegistry          : addDescriptor(-9, org.hibernate.type.descriptor.sql.internal.CapacityDependentDdlType@4d79d187) replaced previous registration(org.hibernate.type.descriptor.sql.internal.CapacityDependentDdlType@3e63bd6b)
2024-02-16T13:07:08.217+09:00 DEBUG 19692 --- [    Test worker] o.h.t.d.sql.spi.DdlTypeRegistry          : addDescriptor(-3, org.hibernate.type.descriptor.sql.internal.CapacityDependentDdlType@48144f1a) replaced previous registration(org.hibernate.type.descriptor.sql.internal.CapacityDependentDdlType@6f7b8ae1)
2024-02-16T13:07:08.217+09:00 DEBUG 19692 --- [    Test worker] o.h.t.d.sql.spi.DdlTypeRegistry          : addDescriptor(4003, org.hibernate.type.descriptor.sql.internal.DdlTypeImpl@6c8d8b60) replaced previous registration(org.hibernate.type.descriptor.sql.internal.DdlTypeImpl@4fa6fb7f)
2024-02-16T13:07:08.218+09:00 DEBUG 19692 --- [    Test worker] o.h.t.d.sql.spi.DdlTypeRegistry          : addDescriptor(4001, org.hibernate.type.descriptor.sql.internal.DdlTypeImpl@2520010e) replaced previous registration(org.hibernate.type.descriptor.sql.internal.DdlTypeImpl@163fbbc9)
2024-02-16T13:07:08.218+09:00 DEBUG 19692 --- [    Test worker] o.h.t.d.sql.spi.DdlTypeRegistry          : addDescriptor(4002, org.hibernate.type.descriptor.sql.internal.DdlTypeImpl@1669f4e5) replaced previous registration(org.hibernate.type.descriptor.sql.internal.DdlTypeImpl@6e6c8854)
2024-02-16T13:07:08.218+09:00 DEBUG 19692 --- [    Test worker] o.h.t.d.sql.spi.DdlTypeRegistry          : addDescriptor(2004, org.hibernate.type.descriptor.sql.internal.CapacityDependentDdlType@4be1dce6) replaced previous registration(org.hibernate.type.descriptor.sql.internal.DdlTypeImpl@206bd7a0)
2024-02-16T13:07:08.218+09:00 DEBUG 19692 --- [    Test worker] o.h.t.d.sql.spi.DdlTypeRegistry          : addDescriptor(2005, org.hibernate.type.descriptor.sql.internal.CapacityDependentDdlType@79fcd194) replaced previous registration(org.hibernate.type.descriptor.sql.internal.DdlTypeImpl@73d8c8d7)
2024-02-16T13:07:08.218+09:00 DEBUG 19692 --- [    Test worker] o.h.t.d.sql.spi.DdlTypeRegistry          : addDescriptor(2011, org.hibernate.type.descriptor.sql.internal.CapacityDependentDdlType@361b3ca6) replaced previous registration(org.hibernate.type.descriptor.sql.internal.DdlTypeImpl@48333b12)
2024-02-16T13:07:08.221+09:00 DEBUG 19692 --- [    Test worker] o.h.t.d.jdbc.spi.JdbcTypeRegistry        : addDescriptor(NCharTypeDescriptor) replaced previous registration(CharTypeDescriptor)
2024-02-16T13:07:08.222+09:00 DEBUG 19692 --- [    Test worker] o.h.t.d.jdbc.spi.JdbcTypeRegistry        : addDescriptor(NVarcharTypeDescriptor) replaced previous registration(VarcharTypeDescriptor)
2024-02-16T13:07:08.222+09:00 DEBUG 19692 --- [    Test worker] o.h.t.d.jdbc.spi.JdbcTypeRegistry        : addDescriptor(LongNVarcharTypeDescriptor) replaced previous registration(LongVarcharTypeDescriptor)
2024-02-16T13:07:08.227+09:00 DEBUG 19692 --- [    Test worker] o.h.t.d.jdbc.spi.JdbcTypeRegistry        : addDescriptor(NClobTypeDescriptor(DEFAULT)) replaced previous registration(ClobTypeDescriptor(DEFAULT))
2024-02-16T13:07:08.227+09:00 DEBUG 19692 --- [    Test worker] o.h.t.d.jdbc.spi.JdbcTypeRegistry        : addDescriptor(2005, ClobTypeDescriptor(STREAM_BINDING)) replaced previous registration(ClobTypeDescriptor(DEFAULT))
2024-02-16T13:07:08.232+09:00 DEBUG 19692 --- [    Test worker] org.hibernate.type.BasicTypeRegistry     : Adding type registration null -> org.hibernate.type.NullType@2954c429
2024-02-16T13:07:08.232+09:00 DEBUG 19692 --- [    Test worker] org.hibernate.type.BasicTypeRegistry     : Type registration key [null] overrode previous entry : `org.hibernate.type.NullType@3275a47f`
2024-02-16T13:07:08.239+09:00 DEBUG 19692 --- [    Test worker] org.hibernate.type.BasicTypeRegistry     : Adding type registration org.hibernate.type.DurationType -> basicType@1(java.time.Duration,2)
2024-02-16T13:07:08.239+09:00 DEBUG 19692 --- [    Test worker] org.hibernate.type.BasicTypeRegistry     : Adding type registration Duration -> basicType@1(java.time.Duration,2)
2024-02-16T13:07:08.239+09:00 DEBUG 19692 --- [    Test worker] org.hibernate.type.BasicTypeRegistry     : Adding type registration java.time.Duration -> basicType@1(java.time.Duration,2)
2024-02-16T13:07:08.246+09:00 DEBUG 19692 --- [    Test worker] org.hibernate.type.BasicTypeRegistry     : Adding type registration org.hibernate.type.OffsetDateTimeType -> basicType@2(java.time.OffsetDateTime,3003)
2024-02-16T13:07:08.247+09:00 DEBUG 19692 --- [    Test worker] org.hibernate.type.BasicTypeRegistry     : Adding type registration OffsetDateTime -> basicType@2(java.time.OffsetDateTime,3003)
2024-02-16T13:07:08.247+09:00 DEBUG 19692 --- [    Test worker] org.hibernate.type.BasicTypeRegistry     : Adding type registration java.time.OffsetDateTime -> basicType@2(java.time.OffsetDateTime,3003)
2024-02-16T13:07:08.247+09:00 DEBUG 19692 --- [    Test worker] org.hibernate.type.BasicTypeRegistry     : Adding type registration org.hibernate.type.ZonedDateTimeType -> basicType@3(java.time.ZonedDateTime,3003)
2024-02-16T13:07:08.247+09:00 DEBUG 19692 --- [    Test worker] org.hibernate.type.BasicTypeRegistry     : Adding type registration ZonedDateTime -> basicType@3(java.time.ZonedDateTime,3003)
2024-02-16T13:07:08.247+09:00 DEBUG 19692 --- [    Test worker] org.hibernate.type.BasicTypeRegistry     : Adding type registration java.time.ZonedDateTime -> basicType@3(java.time.ZonedDateTime,3003)
2024-02-16T13:07:08.248+09:00 DEBUG 19692 --- [    Test worker] org.hibernate.type.BasicTypeRegistry     : Adding type registration org.hibernate.type.OffsetTimeType -> basicType@4(java.time.OffsetTime,3007)
2024-02-16T13:07:08.248+09:00 DEBUG 19692 --- [    Test worker] org.hibernate.type.BasicTypeRegistry     : Adding type registration OffsetTime -> basicType@4(java.time.OffsetTime,3007)
2024-02-16T13:07:08.248+09:00 DEBUG 19692 --- [    Test worker] org.hibernate.type.BasicTypeRegistry     : Adding type registration java.time.OffsetTime -> basicType@4(java.time.OffsetTime,3007)
2024-02-16T13:07:08.250+09:00 DEBUG 19692 --- [    Test worker] o.h.type.spi.TypeConfiguration$Scope     : Scoping TypeConfiguration [org.hibernate.type.spi.TypeConfiguration@2f58f492] to MetadataBuildingContext [org.hibernate.boot.internal.MetadataBuildingContextRootImpl@903c13]
2024-02-16T13:07:08.309+09:00 DEBUG 19692 --- [    Test worker] o.h.boot.model.relational.Namespace      : Created database namespace [logicalName=Name{catalog=null, schema=null}, physicalName=Name{catalog=null, schema=null}]
2024-02-16T13:07:08.353+09:00 DEBUG 19692 --- [    Test worker] o.h.b.i.BytecodeProviderInitiator        : HHH000021: Bytecode provider: bytebuddy
2024-02-16T13:07:08.378+09:00 DEBUG 19692 --- [    Test worker] o.hibernate.internal.SessionFactoryImpl  : Building session factory
2024-02-16T13:07:08.477+09:00 DEBUG 19692 --- [    Test worker] .h.s.i.SessionFactoryServiceRegistryImpl : EventListenerRegistry access via ServiceRegistry is deprecated.  Use `sessionFactory.getEventEngine().getListenerRegistry()` instead
2024-02-16T13:07:08.477+09:00 DEBUG 19692 --- [    Test worker] o.hibernate.internal.SessionFactoryImpl  : Instantiating SessionFactory with settings: {java.specification.version=17, sun.cpu.isalist=amd64, hibernate.resource.beans.container=org.springframework.orm.hibernate5.SpringBeanContainer@2c731a16, hibernate.connection.handling_mode=DELAYED_ACQUISITION_AND_HOLD, sun.jnu.encoding=MS949, org.gradle.test.worker=1, hibernate.implicit_naming_strategy=org.springframework.boot.orm.jpa.hibernate.SpringImplicitNamingStrategy, java.class.path=C:\Users\개미인스\.gradle\caches\8.5\workerMain\gradle-worker.jar;C:\Users\개미인스\Desktop\조선 타자기\git\Keyboard_backend\build\classes\java\test;C:\Users\개미인스\Desktop\조선 타자기\git\Keyboard_backend\build\classes\java\main;C:\Users\개미인스\Desktop\조선 타자기\git\Keyboard_backend\build\resources\main;C:\Users\개미인스\.gradle\caches\modules-2\files-2.1\org.springframework.boot\spring-boot-starter-data-jpa\3.0.2\fc0dbe82effb33d3d89b4cf2ec6b7968ad2af558\spring-boot-starter-data-jpa-3.0.2.jar;C:\Users\개미인스\.gradle\caches\modules-2\files-2.1\org.mybatis.spring.boot\mybatis-spring-boot-starter\3.0.3\19528356bf8bad2be5f8bf796dfc30bcc4996054\mybatis-spring-boot-starter-3.0.3.jar;C:\Users\개미인스\.gradle\caches\modules-2\files-2.1\org.springframework.boot\spring-boot-starter-security\3.2.1\86b7029d55fe7947ea7a93b4b1b38ff80bd045f8\spring-boot-starter-security-3.2.1.jar;C:\Users\개미인스\.gradle\caches\modules-2\files-2.1\io.jsonwebtoken\jjwt-impl\0.11.5\40a599f0e8a8e4e0701596fbb15e67bfda64fdf0\jjwt-impl-0.11.5.jar;C:\Users\개미인스\.gradle\caches\modules-2\files-2.1\io.jsonwebtoken\jjwt-jackson\0.11.5\3b83a06809e98a69402d7333dcf67df6f6ea4579\jjwt-jackson-0.11.5.jar;C:\Users\개미인스\.gradle\caches\modules-2\files-2.1\io.jsonwebtoken\jjwt-api\0.11.5\f742940045619d06383e7df37b21ac422b476cf1\jjwt-api-0.11.5.jar;C:\Users\개미인스\.gradle\caches\modules-2\files-2.1\org.springframework.boot\spring-boot-starter-data-redis\3.2.1\9b162003e51a62075cf2dc84932e0b1c77149e1\spring-boot-starter-data-redis-3.2.1.jar;C:\Users\개미인스\.gradle\caches\modules-2\files-2.1\org.springframework.boot\spring-boot-starter-web\3.2.1\e27e36d4222fd4d589e634e1c7f5f09f0316147c\spring-boot-starter-web-3.2.1.jar;C:\Users\개미인스\.gradle\caches\modules-2\files-2.1\org.springframework.boot\spring-boot-starter-json\3.2.1\ecda50de20ab6d3c49ea30df4c1982048f5d31ac\spring-boot-starter-json-3.2.1.jar;C:\Users\개미인스\.gradle\caches\modules-2\files-2.1\com.fasterxml.jackson.datatype\jackson-datatype-jsr310\2.15.3\4a20a0e104931bfa72f24ef358c2eb63f1ef2aaf\jackson-datatype-jsr310-2.15.3.jar;C:\Users\개미인스\.gradle\caches\modules-2\files-2.1\com.fasterxml.jackson.module\jackson-module-parameter-names\2.15.3\8d251b90c5358677e7d8161e0c2488e6f84f49da\jackson-module-parameter-names-2.15.3.jar;C:\Users\개미인스\.gradle\caches\modules-2\files-2.1\com.fasterxml.jackson.core\jackson-annotations\2.15.3\79baf4e605eb3bbb60b1c475d44a7aecceea1d60\jackson-annotations-2.15.3.jar;C:\Users\개미인스\.gradle\caches\modules-2\files-2.1\com.fasterxml.jackson.core\jackson-core\2.15.3\60d600567c1862840397bf9ff5a92398edc5797b\jackson-core-2.15.3.jar;C:\Users\개미인스\.gradle\caches\modules-2\files-2.1\com.fasterxml.jackson.datatype\jackson-datatype-jdk8\2.15.3\80158cb020c7bd4e4ba94d8d752a65729dc943b2\jackson-datatype-jdk8-2.15.3.jar;C:\Users\개미인스\.gradle\caches\modules-2\files-2.1\com.fasterxml.jackson.core\jackson-databind\2.14.0\513b8ca3fea0352ceebe4d0bbeea527ab343dc1a\jackson-databind-2.14.0.jar;C:\Users\개미인스\.gradle\caches\modules-2\files-2.1\net.nurigo\sdk\4.3.0\f952928b09906dd7746ea99677421a40f46cb2e2\sdk-4.3.0.jar;C:\Users\개미인스\.gradle\caches\modules-2\files-2.1\org.mybatis.spring.boot\mybatis-spring-boot-starter-test\3.0.3\b1ad9be6dce278ad0587e473342b0396881de49c\mybatis-spring-boot-starter-test-3.0.3.jar;C:\Users\개미인스\.gradle\caches\modules-2\files-2.1\org.springframework.boot\spring-boot-starter-test\3.2.1\e6a20062864e3a9a0bba0ac3b0c5a819453045b9\spring-boot-starter-test-3.2.1.jar;C:\Users\개미인스\.gradle\caches\modules-2\files-2.1\org.springframework.boot\spring-boot-starter-aop\3.2.1\e8daf5422a28d8b2e304a00090a8fe730bda0e6c\spring-boot-starter-aop-3.2.1.jar;C:\Users\개미인스\.gradle\caches\modules-2\files-2.1\org.springframework.boot\spring-boot-starter-jdbc\3.2.1\e3de1c46cd238d55f0c2a5f5ea416fadce000318\spring-boot-starter-jdbc-3.2.1.jar;C:\Users\개미인스\.gradle\caches\modules-2\files-2.1\org.hibernate.orm\hibernate-core\6.4.1.Final\3dcefddf6609e6491d37208bcc0cab1273598cbd\hibernate-core-6.4.1.Final.jar;C:\Users\개미인스\.gradle\caches\modules-2\files-2.1\org.springframework.data\spring-data-jpa\3.2.1\230869eb3094a2eb1cb0b077f7990e7f47062f53\spring-data-jpa-3.2.1.jar;C:\Users\개미인스\.gradle\caches\modules-2\files-2.1\org.springframework\spring-aspects\6.1.2\423247e0be90804888668ea16d7e7f0d9168a7b9\spring-aspects-6.1.2.jar;C:\Users\개미인스\.gradle\caches\modules-2\files-2.1\com.mysql\mysql-connector-j\8.1.0\3f78d2963935f44a61edb3961a591cdc392c8941\mysql-connector-j-8.1.0.jar;C:\Users\개미인스\.gradle\caches\modules-2\files-2.1\org.springframework.boot\spring-boot-starter\3.2.1\bc03d7075fb9d9d4877218db48d5dae3dd72a65d\spring-boot-starter-3.2.1.jar;C:\Users\개미인스\.gradle\caches\modules-2\files-2.1\org.mybatis.spring.boot\mybatis-spring-boot-autoconfigure\3.0.3\b73a2effa4f60a2eeca98aa12ea3437faede0f73\mybatis-spring-boot-autoconfigure-3.0.3.jar;C:\Users\개미인스\.gradle\caches\modules-2\files-2.1\org.mybatis\mybatis\3.5.14\d94d2267d1caf1c31748123e671dcea5ad1a6f8\mybatis-3.5.14.jar;C:\Users\개미인스\.gradle\caches\modules-2\files-2.1\org.mybatis\mybatis-spring\3.0.3\5a4ab31bfb62bca615b39ade93de2a607e9b9403\mybatis-spring-3.0.3.jar;C:\Users\개미인스\.gradle\caches\modules-2\files-2.1\org.springframework.security\spring-security-config\6.2.1\119953fd2980d50e1119b913a8596e5e6bdc1295\spring-security-config-6.2.1.jar;C:\Users\개미인스\.gradle\caches\modules-2\files-2.1\org.springframework.security\spring-security-web\6.2.1\4b486977ab1bcdd5dcc6aa5d8a367f1c0814bf56\spring-security-web-6.2.1.jar;C:\Users\개미인스\.gradle\caches\modules-2\files-2.1\org.springframework.data\spring-data-redis\3.2.1\f44ddb05907deaddbf4ddcd6e5183355a7b5a7a1\spring-data-redis-3.2.1.jar;C:\Users\개미인스\.gradle\caches\modules-2\files-2.1\org.springframework\spring-webmvc\6.1.2\906ee995372076e22ef9666d8628845c75bf5c42\spring-webmvc-6.1.2.jar;C:\Users\개미인스\.gradle\caches\modules-2\files-2.1\org.mybatis.spring.boot\mybatis-spring-boot-test-autoconfigure\3.0.3\8c49b2502857480e2efe5c6a623556520fecbbbe\mybatis-spring-boot-test-autoconfigure-3.0.3.jar;C:\Users\개미인스\.gradle\caches\modules-2\files-2.1\org.springframework.boot\spring-boot-test-autoconfigure\3.2.1\bfc34c523b3ab295fb01f46373e903f9729cdd43\spring-boot-test-autoconfigure-3.2.1.jar;C:\Users\개미인스\.gradle\caches\modules-2\files-2.1\org.springframework.boot\spring-boot-test\3.2.1\142fbe3cfe3370c57d0ed55cca0d8d96e1d6f26e\spring-boot-test-3.2.1.jar;C:\Users\개미인스\.gradle\caches\modules-2\files-2.1\org.springframework.boot\spring-boot-autoconfigure\3.2.1\b100d2d21d45dddd740d496357ca6f3813d777d0\spring-boot-autoconfigure-3.2.1.jar;C:\Users\개미인스\.gradle\caches\modules-2\files-2.1\org.springframework.boot\spring-boot\3.2.1\faa2ce019bee68a8d17529d0a08ebc427f927e13\spring-boot-3.2.1.jar;C:\Users\개미인스\.gradle\caches\modules-2\files-2.1\org.springframework.security\spring-security-core\6.2.1\b4014a04f217f0f48d15bc7d53906b6911ad855f\spring-security-core-6.2.1.jar;C:\Users\개미인스\.gradle\caches\modules-2\files-2.1\org.springframework.data\spring-data-keyvalue\3.2.1\9daced56b38d8f0af08e8ba5f87f3782c837e994\spring-data-keyvalue-3.2.1.jar;C:\Users\개미인스\.gradle\caches\modules-2\files-2.1\org.springframework\spring-context-support\6.1.2\ca7a86d2b96b0faa2674d98eb91875bd634390b2\spring-context-support-6.1.2.jar;C:\Users\개미인스\.gradle\caches\modules-2\files-2.1\org.springframework\spring-context\6.1.2\15df19852991220556b4462a366269b8e15278eb\spring-context-6.1.2.jar;C:\Users\개미인스\.gradle\caches\modules-2\files-2.1\org.springframework\spring-aop\6.1.2\a247bd81df8fa9c6a002b95969692bfd146a70b2\spring-aop-6.1.2.jar;C:\Users\개미인스\.gradle\caches\modules-2\files-2.1\io.lettuce\lettuce-core\6.3.0.RELEASE\e19d2afef1c5c76a6d25ae846a3fe57d8dde8a66\lettuce-core-6.3.0.RELEASE.jar;C:\Users\개미인스\.gradle\caches\modules-2\files-2.1\com.squareup.okhttp3\logging-interceptor\4.12.0\e922c1f14d365c0f2bed140cc0825e18462c2778\logging-interceptor-4.12.0.jar;C:\Users\개미인스\.gradle\caches\modules-2\files-2.1\com.jakewharton.retrofit\retrofit2-kotlinx-serialization-converter\0.8.0\4fe25acf1b2f12f17d7187f7cfcf4ee730822d50\retrofit2-kotlinx-serialization-converter-0.8.0.jar;C:\Users\개미인스\.gradle\caches\modules-2\files-2.1\com.squareup.retrofit2\retrofit\2.9.0\d8fdfbd5da952141a665a403348b74538efc05ff\retrofit-2.9.0.jar;C:\Users\개미인스\.gradle\caches\modules-2\files-2.1\com.squareup.okhttp3\okhttp\4.12.0\2f4525d4a200e97e1b87449c2cd9bd2e25b7e8cd\okhttp-4.12.0.jar;C:\Users\개미인스\.gradle\caches\modules-2\files-2.1\org.jetbrains.kotlin\kotlin-reflect\1.9.21\5570877dec93532519eda165abb3674ea1e07cbc\kotlin-reflect-1.9.21.jar;C:\Users\개미인스\.gradle\caches\modules-2\files-2.1\org.jetbrains.kotlinx\kotlinx-datetime-jvm\0.4.0\2224732fcb9b6116fbeb0926dd108604e578356b\kotlinx-datetime-jvm-0.4.0.jar;C:\Users\개미인스\.gradle\caches\modules-2\files-2.1\org.jetbrains.kotlin\kotlin-stdlib-jdk7\1.9.21\2d2c2b1d441e48ed37383e42f133339691436425\kotlin-stdlib-jdk7-1.9.21.jar;C:\Users\개미인스\.gradle\caches\modules-2\files-2.1\org.jetbrains.kotlinx\kotlinx-serialization-core-jvm\1.6.2\384c2492c987f1d92bfa186580de058c284b2ad9\kotlinx-serialization-core-jvm-1.6.2.jar;C:\Users\개미인스\.gradle\caches\modules-2\files-2.1\org.jetbrains.kotlinx\kotlinx-serialization-json-jvm\1.6.2\8f4df208edf91a3012e7a27ccd02f386d4bfc8c6\kotlinx-serialization-json-jvm-1.6.2.jar;C:\Users\개미인스\.gradle\caches\modules-2\files-2.1\com.squareup.okio\okio-jvm\3.6.0\5600569133b7bdefe1daf9ec7f4abeb6d13e1786\okio-jvm-3.6.0.jar;C:\Users\개미인스\.gradle\caches\modules-2\files-2.1\org.jetbrains.kotlin\kotlin-stdlib\1.9.21\17ee3e873d439566c7d8354403b5f3d9744c4c9c\kotlin-stdlib-1.9.21.jar;C:\Users\개미인스\.gradle\caches\modules-2\files-2.1\org.jetbrains.kotlin\kotlin-stdlib-jdk8\1.9.21\290a25c998941b1c904d2cef480fd56be7ae9d7\kotlin-stdlib-jdk8-1.9.21.jar;C:\Users\개미인스\.gradle\caches\modules-2\files-2.1\commons-codec\commons-codec\1.16.0\4e3eb3d79888d76b54e28b350915b5dc3919c9de\commons-codec-1.16.0.jar;C:\Users\개미인스\.gradle\caches\modules-2\files-2.1\org.springframework.boot\spring-boot-starter-tomcat\3.2.1\d8efc48034015522958cb3fea5831b4cbcd4fcfb\spring-boot-starter-tomcat-3.2.1.jar;C:\Users\개미인스\.gradle\caches\modules-2\files-2.1\org.springframework\spring-web\6.1.2\f26b98778376cc39afb04fbb6fdd7543bef89f2\spring-web-6.1.2.jar;C:\Users\개미인스\.gradle\caches\modules-2\files-2.1\com.jayway.jsonpath\json-path\2.8.0\b4ab3b7a9e425655a0ca65487bbbd6d7ddb75160\json-path-2.8.0.jar;C:\Users\개미인스\.gradle\caches\modules-2\files-2.1\org.glassfish.jaxb\jaxb-runtime\4.0.4\7180c50ef8bd127bb1dd645458b906cffcf6c2b5\jaxb-runtime-4.0.4.jar;C:\Users\개미인스\.gradle\caches\modules-2\files-2.1\org.glassfish.jaxb\jaxb-core\4.0.4\2d5aadd02af86f1e9d8c6f7e8501673f915d4e25\jaxb-core-4.0.4.jar;C:\Users\개미인스\.gradle\caches\modules-2\files-2.1\jakarta.xml.bind\jakarta.xml.bind-api\4.0.1\ca2330866cbc624c7e5ce982e121db1125d23e15\jakarta.xml.bind-api-4.0.1.jar;C:\Users\개미인스\.gradle\caches\modules-2\files-2.1\net.minidev\json-smart\2.5.0\57a64f421b472849c40e77d2e7cce3a141b41e99\json-smart-2.5.0.jar;C:\Users\개미인스\.gradle\caches\modules-2\files-2.1\org.assertj\assertj-core\3.24.2\ebbf338e33f893139459ce5df023115971c2786f\assertj-core-3.24.2.jar;C:\Users\개미인스\.gradle\caches\modules-2\files-2.1\org.awaitility\awaitility\4.2.0\2c39784846001a9cffd6c6b89c78de62c0d80fb8\awaitility-4.2.0.jar;C:\Users\개미인스\.gradle\caches\modules-2\files-2.1\org.hamcrest\hamcrest\2.2\1820c0968dba3a11a1b30669bb1f01978a91dedc\hamcrest-2.2.jar;C:\Users\개미인스\.gradle\caches\modules-2\files-2.1\org.mockito\mockito-junit-jupiter\5.7.0\ac2d6a3431747a7986b8f4abef465f72bf3a21ae\mockito-junit-jupiter-5.7.0.jar;C:\Users\개미인스\.gradle\caches\modules-2\files-2.1\org.junit.jupiter\junit-jupiter-params\5.10.1\c8f15d4e99940c4564098af78c10809c00fdca06\junit-jupiter-params-5.10.1.jar;C:\Users\개미인스\.gradle\caches\modules-2\files-2.1\org.junit.jupiter\junit-jupiter-engine\5.10.1\6c9ff773f9aa842b91d1f2fe4658973252ce2428\junit-jupiter-engine-5.10.1.jar;C:\Users\개미인스\.gradle\caches\modules-2\files-2.1\org.junit.jupiter\junit-jupiter-api\5.10.1\eb90c7d8bfaae8fdc97b225733fcb595ddd72843\junit-jupiter-api-5.10.1.jar;C:\Users\개미인스\.gradle\caches\modules-2\files-2.1\org.junit.platform\junit-platform-engine\1.10.1\f32ae4af74fde68414b8a3d2b7cf1fb43824a83a\junit-platform-engine-1.10.1.jar;C:\Users\개미인스\.gradle\caches\modules-2\files-2.1\org.junit.platform\junit-platform-commons\1.10.1\2bfcd4a4e38b10c671b6916d7e543c20afe25579\junit-platform-commons-1.10.1.jar;C:\Users\개미인스\.gradle\caches\modules-2\files-2.1\org.junit.jupiter\junit-jupiter\5.10.1\6e5c7dd668d6349cb99e52ab8321e73479a309bc\junit-jupiter-5.10.1.jar;C:\Users\개미인스\.gradle\caches\modules-2\files-2.1\org.mockito\mockito-core\5.7.0\a1c258331ab91d66863c983aff7136357e9de056\mockito-core-5.7.0.jar;C:\Users\개미인스\.gradle\caches\modules-2\files-2.1\org.skyscreamer\jsonassert\1.5.1\6d842d0faf4cf6725c509a5e5347d319ee0431c3\jsonassert-1.5.1.jar;C:\Users\개미인스\.gradle\caches\modules-2\files-2.1\org.springframework\spring-test\6.1.2\c393079051398e02c20d8b24e02822f365123719\spring-test-6.1.2.jar;C:\Users\개미인스\.gradle\caches\modules-2\files-2.1\org.springframework\spring-orm\6.1.2\32d93c8762b828e9017429528879d5f57be83b8f\spring-orm-6.1.2.jar;C:\Users\개미인스\.gradle\caches\modules-2\files-2.1\org.springframework\spring-jdbc\6.1.2\2c9b37e4cc9bfd7e413d4685f09b6c5447d75638\spring-jdbc-6.1.2.jar;C:\Users\개미인스\.gradle\caches\modules-2\files-2.1\org.springframework.data\spring-data-commons\3.2.1\5983faa6a0f8b3a11a0cfc2ce1fabd43379a02d2\spring-data-commons-3.2.1.jar;C:\Users\개미인스\.gradle\caches\modules-2\files-2.1\org.springframework\spring-tx\6.1.2\48b9ff81c43345320779b402f1bb33b9f46ec4e9\spring-tx-6.1.2.jar;C:\Users\개미인스\.gradle\caches\modules-2\files-2.1\org.springframework\spring-oxm\6.1.2\7b90a221115d9b9668b40597d2328f3633f1c804\spring-oxm-6.1.2.jar;C:\Users\개미인스\.gradle\caches\modules-2\files-2.1\org.springframework\spring-beans\6.1.2\abf52f2254975a3b1e95b2b63fb8b01d891cdc51\spring-beans-6.1.2.jar;C:\Users\개미인스\.gradle\caches\modules-2\files-2.1\org.springframework\spring-expression\6.1.2\98786397734b27b7c8843a6b01a7fa34d40d6806\spring-expression-6.1.2.jar;C:\Users\개미인스\.gradle\caches\modules-2\files-2.1\org.springframework\spring-core\6.1.2\e43c71a9eaca454654621f7d272f15b53c68d583\spring-core-6.1.2.jar;C:\Users\개미인스\.gradle\caches\modules-2\files-2.1\org.xmlunit\xmlunit-core\2.9.1\e5833662d9a1279a37da3ef6f62a1da29fcd68c4\xmlunit-core-2.9.1.jar;C:\Users\개미인스\.gradle\caches\modules-2\files-2.1\org.aspectj\aspectjweaver\1.9.21\beaabaea95c7f3330f415c72ee0ffe79b51d172f\aspectjweaver-1.9.21.jar;C:\Users\개미인스\.gradle\caches\modules-2\files-2.1\com.zaxxer\HikariCP\5.0.1\a74c7f0a37046846e88d54f7cb6ea6d565c65f9c\HikariCP-5.0.1.jar;C:\Users\개미인스\.gradle\caches\modules-2\files-2.1\jakarta.persistence\jakarta.persistence-api\3.1.0\66901fa1c373c6aff65c13791cc11da72060a8d6\jakarta.persistence-api-3.1.0.jar;C:\Users\개미인스\.gradle\caches\modules-2\files-2.1\jakarta.transaction\jakarta.transaction-api\2.0.1\51a520e3fae406abb84e2e1148e6746ce3f80a1a\jakarta.transaction-api-2.0.1.jar;C:\Users\개미인스\.gradle\caches\modules-2\files-2.1\org.jboss.logging\jboss-logging\3.5.3.Final\c88fc1d8a96d4c3491f55d4317458ccad53ca663\jboss-logging-3.5.3.Final.jar;C:\Users\개미인스\.gradle\caches\modules-2\files-2.1\org.hibernate.common\hibernate-commons-annotations\6.0.6.Final\77a5f94b56d49508e0ee334751db5b78e5ccd50c\hibernate-commons-annotations-6.0.6.Final.jar;C:\Users\개미인스\.gradle\caches\modules-2\files-2.1\io.smallrye\jandex\3.1.2\a6c1c89925c7df06242b03dddb353116ceb9584c\jandex-3.1.2.jar;C:\Users\개미인스\.gradle\caches\modules-2\files-2.1\com.fasterxml\classmate\1.6.0\91affab6f84a2182fce5dd72a8d01bc14346dddd\classmate-1.6.0.jar;C:\Users\개미인스\.gradle\caches\modules-2\files-2.1\net.bytebuddy\byte-buddy\1.14.10\8117daf4a612122eb4f517f66adff778cb8b4737\byte-buddy-1.14.10.jar;C:\Users\개미인스\.gradle\caches\modules-2\files-2.1\jakarta.inject\jakarta.inject-api\2.0.1\4c28afe1991a941d7702fe1362c365f0a8641d1e\jakarta.inject-api-2.0.1.jar;C:\Users\개미인스\.gradle\caches\modules-2\files-2.1\org.antlr\antlr4-runtime\4.13.0\5a02e48521624faaf5ff4d99afc88b01686af655\antlr4-runtime-4.13.0.jar;C:\Users\개미인스\.gradle\caches\modules-2\files-2.1\jakarta.annotation\jakarta.annotation-api\2.1.1\48b9bda22b091b1f48b13af03fe36db3be6e1ae3\jakarta.annotation-api-2.1.1.jar;C:\Users\개미인스\.gradle\caches\modules-2\files-2.1\org.springframework.boot\spring-boot-starter-logging\3.2.1\df8ec78dc87885298998ca3c9bd603ee7bfe5b8\spring-boot-starter-logging-3.2.1.jar;C:\Users\개미인스\.gradle\caches\modules-2\files-2.1\ch.qos.logback\logback-classic\1.4.14\d98bc162275134cdf1518774da4a2a17ef6fb94d\logback-classic-1.4.14.jar;C:\Users\개미인스\.gradle\caches\modules-2\files-2.1\org.apache.logging.log4j\log4j-to-slf4j\2.21.1\d77b2ba81711ed596cd797cc2b5b5bd7409d841c\log4j-to-slf4j-2.21.1.jar;C:\Users\개미인스\.gradle\caches\modules-2\files-2.1\org.slf4j\jul-to-slf4j\2.0.9\9ef7c70b248185845f013f49a33ff9ca65b7975\jul-to-slf4j-2.0.9.jar;C:\Users\개미인스\.gradle\caches\modules-2\files-2.1\org.slf4j\slf4j-api\2.0.9\7cf2726fdcfbc8610f9a71fb3ed639871f315340\slf4j-api-2.0.9.jar;C:\Users\개미인스\.gradle\caches\modules-2\files-2.1\org.yaml\snakeyaml\2.2\3af797a25458550a16bf89acc8e4ab2b7f2bfce0\snakeyaml-2.2.jar;C:\Users\개미인스\.gradle\caches\modules-2\files-2.1\io.netty\netty-handler\4.1.104.Final\18c0e659950cdef5f12c36eccfa14cbd2ad2049d\netty-handler-4.1.104.Final.jar;C:\Users\개미인스\.gradle\caches\modules-2\files-2.1\io.netty\netty-transport-native-unix-common\4.1.104.Final\d4da9f7237ac3ac292891e0b2d5364acbce128cf\netty-transport-native-unix-common-4.1.104.Final.jar;C:\Users\개미인스\.gradle\caches\modules-2\files-2.1\io.netty\netty-codec\4.1.104.Final\f51fcfd3baac88b2c0b8dc715932ad5622d17429\netty-codec-4.1.104.Final.jar;C:\Users\개미인스\.gradle\caches\modules-2\files-2.1\io.netty\netty-transport\4.1.104.Final\da7b263b6fedc5add70e78ee8927c8bd2b9bb589\netty-transport-4.1.104.Final.jar;C:\Users\개미인스\.gradle\caches\modules-2\files-2.1\io.netty\netty-resolver\4.1.104.Final\dfa4fe5c3a6eabb7af09902eb63266829876d8a2\netty-resolver-4.1.104.Final.jar;C:\Users\개미인스\.gradle\caches\modules-2\files-2.1\io.netty\netty-buffer\4.1.104.Final\756797174b94a3aee11ce83522473f3c18287a43\netty-buffer-4.1.104.Final.jar;C:\Users\개미인스\.gradle\caches\modules-2\files-2.1\io.netty\netty-common\4.1.104.Final\ec5fc4a7c5475eb20805e14f7274aa28872b5ba1\netty-common-4.1.104.Final.jar;C:\Users\개미인스\.gradle\caches\modules-2\files-2.1\io.projectreactor\reactor-core\3.6.1\a3be3c85954485cbb3751205fe56fa42ee9efa4c\reactor-core-3.6.1.jar;C:\Users\개미인스\.gradle\caches\modules-2\files-2.1\org.apache.tomcat.embed\tomcat-embed-websocket\10.1.17\9ee2f34b51144b75878c9b42768e17de8fbdc74b\tomcat-embed-websocket-10.1.17.jar;C:\Users\개미인스\.gradle\caches\modules-2\files-2.1\org.apache.tomcat.embed\tomcat-embed-core\10.1.17\5b9185ee002f9e194d2cb21ddcf8bc5f3d4a69da\tomcat-embed-core-10.1.17.jar;C:\Users\개미인스\.gradle\caches\modules-2\files-2.1\org.apache.tomcat.embed\tomcat-embed-el\10.1.17\9ad7312421535d7d3aabe0f541e852baccb59726\tomcat-embed-el-10.1.17.jar;C:\Users\개미인스\.gradle\caches\modules-2\files-2.1\io.micrometer\micrometer-observation\1.12.1\fbd0e0e9b6a36effd53e0eee35b050ed1f548ae5\micrometer-observation-1.12.1.jar;C:\Users\개미인스\.gradle\caches\modules-2\files-2.1\org.eclipse.angus\angus-activation\2.0.1\eaafaf4eb71b400e4136fc3a286f50e34a68ecb7\angus-activation-2.0.1.jar;C:\Users\개미인스\.gradle\caches\modules-2\files-2.1\jakarta.activation\jakarta.activation-api\2.1.2\640c0d5aff45dbff1e1a1bc09673ff3a02b1ba12\jakarta.activation-api-2.1.2.jar;C:\Users\개미인스\.gradle\caches\modules-2\files-2.1\net.minidev\accessors-smart\2.5.0\aca011492dfe9c26f4e0659028a4fe0970829dd8\accessors-smart-2.5.0.jar;C:\Users\개미인스\.gradle\caches\modules-2\files-2.1\net.bytebuddy\byte-buddy-agent\1.14.10\90ed94ac044ea8953b224304c762316e91fd6b31\byte-buddy-agent-1.14.10.jar;C:\Users\개미인스\.gradle\caches\modules-2\files-2.1\org.objenesis\objenesis\3.3\1049c09f1de4331e8193e579448d0916d75b7631\objenesis-3.3.jar;C:\Users\개미인스\.gradle\caches\modules-2\files-2.1\com.vaadin.external.google\android-json\0.0.20131108.vaadin1\fa26d351fe62a6a17f5cda1287c1c6110dec413f\android-json-0.0.20131108.vaadin1.jar;C:\Users\개미인스\.gradle\caches\modules-2\files-2.1\org.springframework\spring-jcl\6.1.2\285eb725861c9eacf2a3e4965d4e897932e335ea\spring-jcl-6.1.2.jar;C:\Users\개미인스\.gradle\caches\modules-2\files-2.1\org.springframework.security\spring-security-crypto\6.2.1\d7c4f4e8fe5ae84dd1da76094ee8a0a7e214923d\spring-security-crypto-6.2.1.jar;C:\Users\개미인스\.gradle\caches\modules-2\files-2.1\org.reactivestreams\reactive-streams\1.0.4\3864a1320d97d7b045f729a326e1e077661f31b7\reactive-streams-1.0.4.jar;C:\Users\개미인스\.gradle\caches\modules-2\files-2.1\org.jetbrains\annotations\13.0\919f0dfe192fb4e063e7dacadee7f8bb9a2672a9\annotations-13.0.jar;C:\Users\개미인스\.gradle\caches\modules-2\files-2.1\io.micrometer\micrometer-commons\1.12.1\abcc6b294e60582afdfae6c559c94ad1d412ce2d\micrometer-commons-1.12.1.jar;C:\Users\개미인스\.gradle\caches\modules-2\files-2.1\org.ow2.asm\asm\9.3\8e6300ef51c1d801a7ed62d07cd221aca3a90640\asm-9.3.jar;C:\Users\개미인스\.gradle\caches\modules-2\files-2.1\org.opentest4j\opentest4j\1.3.0\152ea56b3a72f655d4fd677fc0ef2596c3dd5e6e\opentest4j-1.3.0.jar;C:\Users\개미인스\.gradle\caches\modules-2\files-2.1\org.glassfish.jaxb\txw2\4.0.4\cfd2bcf08782673ac370694fdf2cf76dbaa607ef\txw2-4.0.4.jar;C:\Users\개미인스\.gradle\caches\modules-2\files-2.1\com.sun.istack\istack-commons-runtime\4.1.2\18ec117c85f3ba0ac65409136afa8e42bc74e739\istack-commons-runtime-4.1.2.jar;C:\Users\개미인스\.gradle\caches\modules-2\files-2.1\ch.qos.logback\logback-core\1.4.14\4d3c2248219ac0effeb380ed4c5280a80bf395e8\logback-core-1.4.14.jar;C:\Users\개미인스\.gradle\caches\modules-2\files-2.1\org.apache.logging.log4j\log4j-api\2.21.1\74c65e87b9ce1694a01524e192d7be989ba70486\log4j-api-2.21.1.jar;C:\Users\개미인스\.gradle\wrapper\dists\gradle-8.5-bin\5t9huq95ubn472n8rpzujfbqh\gradle-8.5\lib\plugins\junit-platform-engine-1.8.2.jar;C:\Users\개미인스\.gradle\wrapper\dists\gradle-8.5-bin\5t9huq95ubn472n8rpzujfbqh\gradle-8.5\lib\plugins\junit-platform-launcher-1.8.2.jar;C:\Users\개미인스\.gradle\wrapper\dists\gradle-8.5-bin\5t9huq95ubn472n8rpzujfbqh\gradle-8.5\lib\plugins\junit-platform-commons-1.8.2.jar, java.vm.vendor=Oracle Corporation, sun.arch.data.model=64, user.variant=, java.vendor.url=https://java.oracle.com/, user.timezone=Asia/Seoul, jakarta.persistence.sharedCache.mode=UNSPECIFIED, org.jboss.logging.provider=slf4j, java.vm.specification.version=17, os.name=Windows 10, jakarta.persistence.nonJtaDataSource=HikariDataSource (HikariPool-1), user.country=KR, sun.java.launcher=SUN_STANDARD, sun.boot.library.path=C:\Program Files\Java\jdk-17\bin, sun.java.command=worker.org.gradle.process.internal.worker.GradleWorkerMain 'Gradle Test Executor 1', javax.persistence.nonJtaDataSource=HikariDataSource (HikariPool-1), hibernate.transaction.jta.platform=org.hibernate.engine.transaction.jta.platform.internal.NoJtaPlatform@2a341e3d, jdk.debug=release, sun.cpu.endian=little, hibernate.cdi.extensions=true, user.home=C:\Users\개미인스, user.language=ko, java.specification.vendor=Oracle Corporation, org.gradle.native=false, java.version.date=2023-01-17, java.home=C:\Program Files\Java\jdk-17, file.separator=\, java.vm.compressedOopsMode=32-bit, line.separator=
, hibernate.persistenceUnitName=default, java.vm.specification.vendor=Oracle Corporation, java.specification.name=Java Platform API Specification, FILE_LOG_CHARSET=x-windows-949, hibernate.transaction.coordinator_class=class org.hibernate.resource.transaction.backend.jdbc.internal.JdbcResourceLocalTransactionCoordinatorBuilderImpl, java.awt.headless=true, jakarta.persistence.validation.mode=AUTO, user.script=, sun.management.compiler=HotSpot 64-Bit Tiered Compilers, java.runtime.version=17.0.6+9-LTS-190, user.name=개미인스, path.separator=;, os.version=10.0, java.runtime.name=Java(TM) SE Runtime Environment, file.encoding=x-windows-949, java.vm.name=Java HotSpot(TM) 64-Bit Server VM, java.vendor.url.bug=https://bugreport.java.com/bugreport/, java.io.tmpdir=C:\Users\개미인스\AppData\Local\Temp\, com.zaxxer.hikari.pool_number=1, java.version=17.0.6, hibernate.physical_naming_strategy=org.hibernate.boot.model.naming.CamelCaseToUnderscoresNamingStrategy, user.dir=C:\Users\개미인스\Desktop\조선 타자기\git\Keyboard_backend, os.arch=amd64, java.vm.specification.name=Java Virtual Machine Specification, PID=19692, org.gradle.internal.worker.tmpdir=C:\Users\개미인스\Desktop\조선 타자기\git\Keyboard_backend\build\tmp\test\work, sun.os.patch.level=, CONSOLE_LOG_CHARSET=x-windows-949, hibernate.boot.CfgXmlAccessService.key=org.hibernate.boot.registry.StandardServiceRegistryBuilder$1@a4dcede, native.encoding=MS949, java.library.path=C:\Program Files\Java\jdk-17\bin;C:\Windows\Sun\Java\bin;C:\Windows\system32;C:\Windows;%JAVA_HOME\bin;C:\Windows\system32;C:\Windows;C:\Windows\System32\Wbem;C:\Windows\System32\WindowsPowerShell\v1.0\;C:\Windows\System32\OpenSSH\;C:\Program Files\Git\cmd;C:\Program Files\nodejs\;C:\Users\개미인스\AppData\Roaming\Microsoft\Windows\Start Menu\Programs\Python 3.11\;C:\Program Files (x86)\Common Files\Acronis\SnapAPI\;C:\openssl-0.9.8k_WIN32\bin;C:\Program Files\MySQL\MySQL Shell 8.0\bin\;C:\Users\개미인스\AppData\Local\Microsoft\WindowsApps;C:\Users\개미인스\AppData\Local\Programs\Microsoft VS Code\bin;C:\Users\개미인스\AppData\Roaming\npm;C:\Users\개미인스\AppData\Local\GitHubDesktop\bin;C:\Program Files\MySQL\MySQL server 8.0\bin\;;C:\Users\개미인스\AppData\Local\JetBrains\IntelliJ IDEA 2023.3.3\bin;;., java.vendor=Oracle Corporation, java.vm.info=mixed mode, sharing, java.vm.version=17.0.6+9-LTS-190, sun.io.unicode.encoding=UnicodeLittle, hibernate.archive.scanner=org.hibernate.boot.archive.scan.internal.DisabledScanner, hibernate.connection.datasource=HikariDataSource (HikariPool-1), java.class.version=61.0}
2024-02-16T13:07:08.488+09:00 DEBUG 19692 --- [    Test worker] o.hibernate.internal.SessionFactoryImpl  : Session factory constructed with filter configurations : {}
2024-02-16T13:07:08.561+09:00 DEBUG 19692 --- [    Test worker] o.h.q.sqm.function.SqmFunctionRegistry   : Registered SqmFunctionTemplate [NamedSqmFunctionTemplate(max)] under max; prior registration was null
2024-02-16T13:07:08.562+09:00 DEBUG 19692 --- [    Test worker] o.h.q.sqm.function.SqmFunctionRegistry   : Registered SqmFunctionTemplate [NamedSqmFunctionTemplate(min)] under min; prior registration was null
2024-02-16T13:07:08.563+09:00 DEBUG 19692 --- [    Test worker] o.h.q.sqm.function.SqmFunctionRegistry   : Registered SqmFunctionTemplate [NamedSqmFunctionTemplate(sum)] under sum; prior registration was null
2024-02-16T13:07:08.564+09:00 DEBUG 19692 --- [    Test worker] o.h.q.sqm.function.SqmFunctionRegistry   : Registered SqmFunctionTemplate [NamedSqmFunctionTemplate(avg)] under avg; prior registration was null
2024-02-16T13:07:08.566+09:00 DEBUG 19692 --- [    Test worker] o.h.q.sqm.function.SqmFunctionRegistry   : Registered SqmFunctionTemplate [org.hibernate.dialect.function.CountFunction@1f365a26] under count; prior registration was null
2024-02-16T13:07:08.568+09:00 DEBUG 19692 --- [    Test worker] o.h.q.sqm.function.SqmFunctionRegistry   : Registered SqmFunctionTemplate [org.hibernate.dialect.function.EveryAnyEmulation@8091d80] under every; prior registration was null
2024-02-16T13:07:08.568+09:00 DEBUG 19692 --- [    Test worker] o.h.q.sqm.function.SqmFunctionRegistry   : Registered SqmFunctionTemplate [org.hibernate.dialect.function.EveryAnyEmulation@78f4d15d] under any; prior registration was null
2024-02-16T13:07:08.569+09:00 DEBUG 19692 --- [    Test worker] o.h.q.sqm.function.SqmFunctionRegistry   : Registered SqmFunctionTemplate [NamedSqmFunctionTemplate(floor)] under floor; prior registration was null
2024-02-16T13:07:08.569+09:00 DEBUG 19692 --- [    Test worker] o.h.q.sqm.function.SqmFunctionRegistry   : Registered SqmFunctionTemplate [NamedSqmFunctionTemplate(ceiling)] under ceiling; prior registration was null
2024-02-16T13:07:08.569+09:00 DEBUG 19692 --- [    Test worker] o.h.q.sqm.function.SqmFunctionRegistry   : Registered SqmFunctionTemplate [NamedSqmFunctionTemplate(mod)] under mod; prior registration was null
2024-02-16T13:07:08.570+09:00 DEBUG 19692 --- [    Test worker] o.h.q.sqm.function.SqmFunctionRegistry   : Registered SqmFunctionTemplate [NamedSqmFunctionTemplate(abs)] under abs; prior registration was null
2024-02-16T13:07:08.571+09:00 DEBUG 19692 --- [    Test worker] o.h.q.sqm.function.SqmFunctionRegistry   : Registered SqmFunctionTemplate [NamedSqmFunctionTemplate(sign)] under sign; prior registration was null
2024-02-16T13:07:08.571+09:00 DEBUG 19692 --- [    Test worker] o.h.q.sqm.function.SqmFunctionRegistry   : Registered SqmFunctionTemplate [NamedSqmFunctionTemplate(sqrt)] under sqrt; prior registration was null
2024-02-16T13:07:08.571+09:00 DEBUG 19692 --- [    Test worker] o.h.q.sqm.function.SqmFunctionRegistry   : Registered SqmFunctionTemplate [NamedSqmFunctionTemplate(ln)] under ln; prior registration was null
2024-02-16T13:07:08.571+09:00 DEBUG 19692 --- [    Test worker] o.h.q.sqm.function.SqmFunctionRegistry   : Registered SqmFunctionTemplate [NamedSqmFunctionTemplate(exp)] under exp; prior registration was null
2024-02-16T13:07:08.571+09:00 DEBUG 19692 --- [    Test worker] o.h.q.sqm.function.SqmFunctionRegistry   : Registered SqmFunctionTemplate [NamedSqmFunctionTemplate(power)] under power; prior registration was null
2024-02-16T13:07:08.572+09:00 DEBUG 19692 --- [    Test worker] o.h.q.sqm.function.SqmFunctionRegistry   : Registered SqmFunctionTemplate [NamedSqmFunctionTemplate(round)] under round; prior registration was null
2024-02-16T13:07:08.572+09:00 DEBUG 19692 --- [    Test worker] o.h.q.sqm.function.SqmFunctionRegistry   : Registered SqmFunctionTemplate [NamedSqmFunctionTemplate(sin)] under sin; prior registration was null
2024-02-16T13:07:08.572+09:00 DEBUG 19692 --- [    Test worker] o.h.q.sqm.function.SqmFunctionRegistry   : Registered SqmFunctionTemplate [NamedSqmFunctionTemplate(cos)] under cos; prior registration was null
2024-02-16T13:07:08.572+09:00 DEBUG 19692 --- [    Test worker] o.h.q.sqm.function.SqmFunctionRegistry   : Registered SqmFunctionTemplate [NamedSqmFunctionTemplate(tan)] under tan; prior registration was null
2024-02-16T13:07:08.573+09:00 DEBUG 19692 --- [    Test worker] o.h.q.sqm.function.SqmFunctionRegistry   : Registered SqmFunctionTemplate [NamedSqmFunctionTemplate(asin)] under asin; prior registration was null
2024-02-16T13:07:08.573+09:00 DEBUG 19692 --- [    Test worker] o.h.q.sqm.function.SqmFunctionRegistry   : Registered SqmFunctionTemplate [NamedSqmFunctionTemplate(acos)] under acos; prior registration was null
2024-02-16T13:07:08.573+09:00 DEBUG 19692 --- [    Test worker] o.h.q.sqm.function.SqmFunctionRegistry   : Registered SqmFunctionTemplate [NamedSqmFunctionTemplate(atan)] under atan; prior registration was null
2024-02-16T13:07:08.573+09:00 DEBUG 19692 --- [    Test worker] o.h.q.sqm.function.SqmFunctionRegistry   : Registered SqmFunctionTemplate [NamedSqmFunctionTemplate(atan2)] under atan2; prior registration was null
2024-02-16T13:07:08.577+09:00 DEBUG 19692 --- [    Test worker] o.h.q.sqm.function.SqmFunctionRegistry   : Registered SqmFunctionTemplate [org.hibernate.query.sqm.function.PatternBasedSqmFunctionDescriptor@5b324447] under sinh; prior registration was null
2024-02-16T13:07:08.577+09:00 DEBUG 19692 --- [    Test worker] o.h.q.sqm.function.SqmFunctionRegistry   : Registered SqmFunctionTemplate [org.hibernate.query.sqm.function.PatternBasedSqmFunctionDescriptor@2ffcdc9b] under cosh; prior registration was null
2024-02-16T13:07:08.577+09:00 DEBUG 19692 --- [    Test worker] o.h.q.sqm.function.SqmFunctionRegistry   : Registered SqmFunctionTemplate [org.hibernate.query.sqm.function.PatternBasedSqmFunctionDescriptor@47994b51] under tanh; prior registration was null
2024-02-16T13:07:08.577+09:00 DEBUG 19692 --- [    Test worker] o.h.q.sqm.function.SqmFunctionRegistry   : Registered SqmFunctionTemplate [org.hibernate.query.sqm.function.PatternBasedSqmFunctionDescriptor@19f99aaf] under pi; prior registration was null
2024-02-16T13:07:08.578+09:00 DEBUG 19692 --- [    Test worker] o.h.q.sqm.function.SqmFunctionRegistry   : Registered SqmFunctionTemplate [org.hibernate.query.sqm.function.PatternBasedSqmFunctionDescriptor@5020e5ab] under log; prior registration was null
2024-02-16T13:07:08.579+09:00 DEBUG 19692 --- [    Test worker] o.h.q.sqm.function.SqmFunctionRegistry   : Registered SqmFunctionTemplate [NamedSqmFunctionTemplate(coalesce)] under coalesce; prior registration was null
2024-02-16T13:07:08.579+09:00 DEBUG 19692 --- [    Test worker] o.h.q.sqm.function.SqmFunctionRegistry   : Registered SqmFunctionTemplate [NamedSqmFunctionTemplate(nullif)] under nullif; prior registration was null
2024-02-16T13:07:08.579+09:00 DEBUG 19692 --- [    Test worker] o.h.q.sqm.function.SqmFunctionRegistry   : Registered SqmFunctionTemplate [NamedSqmFunctionTemplate(left)] under left; prior registration was null
2024-02-16T13:07:08.579+09:00 DEBUG 19692 --- [    Test worker] o.h.q.sqm.function.SqmFunctionRegistry   : Registered SqmFunctionTemplate [NamedSqmFunctionTemplate(right)] under right; prior registration was null
2024-02-16T13:07:08.579+09:00 DEBUG 19692 --- [    Test worker] o.h.q.sqm.function.SqmFunctionRegistry   : Registered SqmFunctionTemplate [NamedSqmFunctionTemplate(replace)] under replace; prior registration was null
2024-02-16T13:07:08.579+09:00 DEBUG 19692 --- [    Test worker] o.h.q.sqm.function.SqmFunctionRegistry   : Registered SqmFunctionTemplate [NamedSqmFunctionTemplate(concat)] under concat; prior registration was null
2024-02-16T13:07:08.580+09:00 DEBUG 19692 --- [    Test worker] o.h.q.sqm.function.SqmFunctionRegistry   : Registered SqmFunctionTemplate [NamedSqmFunctionTemplate(lower)] under lower; prior registration was null
2024-02-16T13:07:08.580+09:00 DEBUG 19692 --- [    Test worker] o.h.q.sqm.function.SqmFunctionRegistry   : Registered SqmFunctionTemplate [NamedSqmFunctionTemplate(upper)] under upper; prior registration was null
2024-02-16T13:07:08.580+09:00 DEBUG 19692 --- [    Test worker] o.h.q.sqm.function.SqmFunctionRegistry   : Registered SqmFunctionTemplate [NamedSqmFunctionTemplate(substring)] under substring; prior registration was null
2024-02-16T13:07:08.580+09:00 DEBUG 19692 --- [    Test worker] o.h.q.sqm.function.SqmFunctionRegistry   : Registered SqmFunctionTemplate [NamedSqmFunctionTemplate(locate)] under locate; prior registration was null
2024-02-16T13:07:08.580+09:00 DEBUG 19692 --- [    Test worker] o.h.q.sqm.function.SqmFunctionRegistry   : Registered SqmFunctionTemplate [NamedSqmFunctionTemplate(character_length)] under character_length; prior registration was null
2024-02-16T13:07:08.580+09:00 DEBUG 19692 --- [    Test worker] o.h.q.sqm.function.SqmFunctionRegistry   : Registering alternate key : length -> character_length
2024-02-16T13:07:08.581+09:00 DEBUG 19692 --- [    Test worker] o.h.q.sqm.function.SqmFunctionRegistry   : Registered SqmFunctionTemplate [org.hibernate.dialect.function.LocatePositionEmulation@34d5eac] under position; prior registration was null
2024-02-16T13:07:08.584+09:00 DEBUG 19692 --- [    Test worker] o.h.q.sqm.function.SqmFunctionRegistry   : Registered SqmFunctionTemplate [org.hibernate.dialect.function.InsertSubstringOverlayEmulation@78829412] under overlay; prior registration was null
2024-02-16T13:07:08.585+09:00 DEBUG 19692 --- [    Test worker] o.h.q.sqm.function.SqmFunctionRegistry   : Registered SqmFunctionTemplate [org.hibernate.dialect.function.TrimFunction@66d44581] under trim; prior registration was null
2024-02-16T13:07:08.586+09:00 DEBUG 19692 --- [    Test worker] o.h.q.sqm.function.SqmFunctionRegistry   : Registered SqmFunctionTemplate [org.hibernate.dialect.function.CastFunction@dbcf7c3] under cast; prior registration was null
2024-02-16T13:07:08.587+09:00 DEBUG 19692 --- [    Test worker] o.h.q.sqm.function.SqmFunctionRegistry   : Registered SqmFunctionTemplate [org.hibernate.query.sqm.function.PatternBasedSqmFunctionDescriptor@1e466d] under collate; prior registration was null
2024-02-16T13:07:08.588+09:00 DEBUG 19692 --- [    Test worker] o.h.q.sqm.function.SqmFunctionRegistry   : Registered SqmFunctionTemplate [org.hibernate.dialect.function.ExtractFunction@36931450] under extract; prior registration was null
2024-02-16T13:07:08.588+09:00 DEBUG 19692 --- [    Test worker] o.h.q.sqm.function.SqmFunctionRegistry   : Registered SqmFunctionTemplate [NamedSqmFunctionTemplate(least)] under least; prior registration was null
2024-02-16T13:07:08.588+09:00 DEBUG 19692 --- [    Test worker] o.h.q.sqm.function.SqmFunctionRegistry   : Registered SqmFunctionTemplate [NamedSqmFunctionTemplate(greatest)] under greatest; prior registration was null
2024-02-16T13:07:08.588+09:00 DEBUG 19692 --- [    Test worker] o.h.q.sqm.function.SqmFunctionRegistry   : Registered SqmFunctionTemplate [org.hibernate.dialect.function.CoalesceIfnullEmulation@770cbe5d] under ifnull; prior registration was null
2024-02-16T13:07:08.589+09:00 DEBUG 19692 --- [    Test worker] o.h.q.sqm.function.SqmFunctionRegistry   : Registered SqmFunctionTemplate [NamedSqmFunctionTemplate(lpad)] under lpad; prior registration was null
2024-02-16T13:07:08.589+09:00 DEBUG 19692 --- [    Test worker] o.h.q.sqm.function.SqmFunctionRegistry   : Registered SqmFunctionTemplate [NamedSqmFunctionTemplate(rpad)] under rpad; prior registration was null
2024-02-16T13:07:08.589+09:00 DEBUG 19692 --- [    Test worker] o.h.q.sqm.function.SqmFunctionRegistry   : Registered SqmFunctionTemplate [org.hibernate.dialect.function.LpadRpadPadEmulation@1e2b37cd] under pad; prior registration was null
2024-02-16T13:07:08.590+09:00 DEBUG 19692 --- [    Test worker] o.h.q.sqm.function.SqmFunctionRegistry   : Registered SqmFunctionTemplate [org.hibernate.dialect.function.CastStrEmulation@1764e45e] under str; prior registration was null
2024-02-16T13:07:08.592+09:00 DEBUG 19692 --- [    Test worker] o.h.q.sqm.function.SqmFunctionRegistry   : Registered SqmFunctionTemplate [org.hibernate.dialect.function.FormatFunction@50b4e7b2] under format; prior registration was null
2024-02-16T13:07:08.593+09:00 DEBUG 19692 --- [    Test worker] o.h.q.sqm.function.SqmFunctionRegistry   : Registered SqmFunctionTemplate [org.hibernate.dialect.function.TimestampaddFunction@71de1091] under timestampadd; prior registration was null
2024-02-16T13:07:08.594+09:00 DEBUG 19692 --- [    Test worker] o.h.q.sqm.function.SqmFunctionRegistry   : Registered SqmFunctionTemplate [org.hibernate.dialect.function.TimestampdiffFunction@55202ba6] under timestampdiff; prior registration was null
2024-02-16T13:07:08.594+09:00 DEBUG 19692 --- [    Test worker] o.h.q.sqm.function.SqmFunctionRegistry   : Registering alternate key : dateadd -> timestampadd
2024-02-16T13:07:08.594+09:00 DEBUG 19692 --- [    Test worker] o.h.q.sqm.function.SqmFunctionRegistry   : Registering alternate key : datediff -> timestampdiff
2024-02-16T13:07:08.595+09:00 DEBUG 19692 --- [    Test worker] o.h.q.sqm.function.SqmFunctionRegistry   : Registered SqmFunctionTemplate [org.hibernate.dialect.function.CurrentFunction@221961af] under current_date; prior registration was null
2024-02-16T13:07:08.595+09:00 DEBUG 19692 --- [    Test worker] o.h.q.sqm.function.SqmFunctionRegistry   : Registered SqmFunctionTemplate [org.hibernate.dialect.function.CurrentFunction@32ddcca] under current_time; prior registration was null
2024-02-16T13:07:08.595+09:00 DEBUG 19692 --- [    Test worker] o.h.q.sqm.function.SqmFunctionRegistry   : Registered SqmFunctionTemplate [org.hibernate.dialect.function.CurrentFunction@1ddc8fc] under current_timestamp; prior registration was null
2024-02-16T13:07:08.595+09:00 DEBUG 19692 --- [    Test worker] o.h.q.sqm.function.SqmFunctionRegistry   : Registering alternate key : current date -> current_date
2024-02-16T13:07:08.595+09:00 DEBUG 19692 --- [    Test worker] o.h.q.sqm.function.SqmFunctionRegistry   : Registering alternate key : current time -> current_time
2024-02-16T13:07:08.595+09:00 DEBUG 19692 --- [    Test worker] o.h.q.sqm.function.SqmFunctionRegistry   : Registering alternate key : current timestamp -> current_timestamp
2024-02-16T13:07:08.595+09:00 DEBUG 19692 --- [    Test worker] o.h.q.sqm.function.SqmFunctionRegistry   : Registered SqmFunctionTemplate [org.hibernate.dialect.function.CurrentFunction@77d58f3a] under local_date; prior registration was null
2024-02-16T13:07:08.595+09:00 DEBUG 19692 --- [    Test worker] o.h.q.sqm.function.SqmFunctionRegistry   : Registered SqmFunctionTemplate [org.hibernate.dialect.function.CurrentFunction@1e288c76] under local_time; prior registration was null
2024-02-16T13:07:08.595+09:00 DEBUG 19692 --- [    Test worker] o.h.q.sqm.function.SqmFunctionRegistry   : Registered SqmFunctionTemplate [org.hibernate.dialect.function.CurrentFunction@738ed8f5] under local_datetime; prior registration was null
2024-02-16T13:07:08.595+09:00 DEBUG 19692 --- [    Test worker] o.h.q.sqm.function.SqmFunctionRegistry   : Registered SqmFunctionTemplate [org.hibernate.dialect.function.CurrentFunction@1cfb7450] under offset_datetime; prior registration was null
2024-02-16T13:07:08.596+09:00 DEBUG 19692 --- [    Test worker] o.h.q.sqm.function.SqmFunctionRegistry   : Registering alternate key : local date -> local_date
2024-02-16T13:07:08.596+09:00 DEBUG 19692 --- [    Test worker] o.h.q.sqm.function.SqmFunctionRegistry   : Registering alternate key : local time -> local_time
2024-02-16T13:07:08.596+09:00 DEBUG 19692 --- [    Test worker] o.h.q.sqm.function.SqmFunctionRegistry   : Registering alternate key : local datetime -> local_datetime
2024-02-16T13:07:08.596+09:00 DEBUG 19692 --- [    Test worker] o.h.q.sqm.function.SqmFunctionRegistry   : Registering alternate key : offset datetime -> offset_datetime
2024-02-16T13:07:08.596+09:00 DEBUG 19692 --- [    Test worker] o.h.q.sqm.function.SqmFunctionRegistry   : Registered SqmFunctionTemplate [org.hibernate.dialect.function.CurrentFunction@478c84aa] under instant; prior registration was null
2024-02-16T13:07:08.596+09:00 DEBUG 19692 --- [    Test worker] o.h.q.sqm.function.SqmFunctionRegistry   : Registering alternate key : current_instant -> instant
2024-02-16T13:07:08.597+09:00 DEBUG 19692 --- [    Test worker] o.h.q.sqm.function.SqmFunctionRegistry   : Registered SqmFunctionTemplate [org.hibernate.dialect.function.SqlFunction@7c45191e] under sql; prior registration was null
2024-02-16T13:07:08.597+09:00 DEBUG 19692 --- [    Test worker] o.h.q.sqm.function.SqmFunctionRegistry   : Registered SqmFunctionTemplate [NamedSqmFunctionTemplate(soundex)] under soundex; prior registration was null
2024-02-16T13:07:08.598+09:00 DEBUG 19692 --- [    Test worker] o.h.q.sqm.function.SqmFunctionRegistry   : Registered SqmFunctionTemplate [NamedSqmFunctionTemplate(radians)] under radians; prior registration was null
2024-02-16T13:07:08.598+09:00 DEBUG 19692 --- [    Test worker] o.h.q.sqm.function.SqmFunctionRegistry   : Registered SqmFunctionTemplate [NamedSqmFunctionTemplate(degrees)] under degrees; prior registration was null
2024-02-16T13:07:08.598+09:00 DEBUG 19692 --- [    Test worker] o.h.q.sqm.function.SqmFunctionRegistry   : Registered SqmFunctionTemplate [NamedSqmFunctionTemplate(cot)] under cot; prior registration was null
2024-02-16T13:07:08.598+09:00 DEBUG 19692 --- [    Test worker] o.h.q.sqm.function.SqmFunctionRegistry   : Registered SqmFunctionTemplate [NamedSqmFunctionTemplate(log)] under log; prior registration was org.hibernate.query.sqm.function.PatternBasedSqmFunctionDescriptor@5020e5ab
2024-02-16T13:07:08.598+09:00 DEBUG 19692 --- [    Test worker] o.h.q.sqm.function.SqmFunctionRegistry   : Registered SqmFunctionTemplate [NamedSqmFunctionTemplate(log2)] under log2; prior registration was null
2024-02-16T13:07:08.599+09:00 DEBUG 19692 --- [    Test worker] o.h.q.sqm.function.SqmFunctionRegistry   : Registered SqmFunctionTemplate [NamedSqmFunctionTemplate(log10)] under log10; prior registration was null
2024-02-16T13:07:08.599+09:00 DEBUG 19692 --- [    Test worker] o.h.q.sqm.function.SqmFunctionRegistry   : Registered SqmFunctionTemplate [NamedSqmFunctionTemplate(ltrim)] under ltrim; prior registration was null
2024-02-16T13:07:08.599+09:00 DEBUG 19692 --- [    Test worker] o.h.q.sqm.function.SqmFunctionRegistry   : Registered SqmFunctionTemplate [NamedSqmFunctionTemplate(rtrim)] under rtrim; prior registration was null
2024-02-16T13:07:08.599+09:00 DEBUG 19692 --- [    Test worker] o.h.q.sqm.function.SqmFunctionRegistry   : Registered SqmFunctionTemplate [NamedSqmFunctionTemplate(octet_length)] under octet_length; prior registration was null
2024-02-16T13:07:08.600+09:00 DEBUG 19692 --- [    Test worker] o.h.q.sqm.function.SqmFunctionRegistry   : Registered SqmFunctionTemplate [NamedSqmFunctionTemplate(reverse)] under reverse; prior registration was null
2024-02-16T13:07:08.600+09:00 DEBUG 19692 --- [    Test worker] o.h.q.sqm.function.SqmFunctionRegistry   : Registered SqmFunctionTemplate [NamedSqmFunctionTemplate(space)] under space; prior registration was null
2024-02-16T13:07:08.600+09:00 DEBUG 19692 --- [    Test worker] o.h.q.sqm.function.SqmFunctionRegistry   : Registered SqmFunctionTemplate [NamedSqmFunctionTemplate(repeat)] under repeat; prior registration was null
2024-02-16T13:07:08.601+09:00 DEBUG 19692 --- [    Test worker] o.h.q.sqm.function.SqmFunctionRegistry   : Registered SqmFunctionTemplate [org.hibernate.query.sqm.function.MultipatternSqmFunctionDescriptor@68f264bf] under lpad; prior registration was NamedSqmFunctionTemplate(lpad)
2024-02-16T13:07:08.602+09:00 DEBUG 19692 --- [    Test worker] o.h.q.sqm.function.SqmFunctionRegistry   : Registered SqmFunctionTemplate [org.hibernate.query.sqm.function.MultipatternSqmFunctionDescriptor@77988c45] under rpad; prior registration was NamedSqmFunctionTemplate(rpad)
2024-02-16T13:07:08.602+09:00 DEBUG 19692 --- [    Test worker] o.h.q.sqm.function.SqmFunctionRegistry   : Registered SqmFunctionTemplate [NamedSqmFunctionTemplate(md5)] under md5; prior registration was null
2024-02-16T13:07:08.602+09:00 DEBUG 19692 --- [    Test worker] o.h.q.sqm.function.SqmFunctionRegistry   : Registered SqmFunctionTemplate [NamedSqmFunctionTemplate(day)] under day; prior registration was null
2024-02-16T13:07:08.602+09:00 DEBUG 19692 --- [    Test worker] o.h.q.sqm.function.SqmFunctionRegistry   : Registered SqmFunctionTemplate [NamedSqmFunctionTemplate(month)] under month; prior registration was null
2024-02-16T13:07:08.602+09:00 DEBUG 19692 --- [    Test worker] o.h.q.sqm.function.SqmFunctionRegistry   : Registered SqmFunctionTemplate [NamedSqmFunctionTemplate(year)] under year; prior registration was null
2024-02-16T13:07:08.602+09:00 DEBUG 19692 --- [    Test worker] o.h.q.sqm.function.SqmFunctionRegistry   : Registered SqmFunctionTemplate [NamedSqmFunctionTemplate(hour)] under hour; prior registration was null
2024-02-16T13:07:08.603+09:00 DEBUG 19692 --- [    Test worker] o.h.q.sqm.function.SqmFunctionRegistry   : Registered SqmFunctionTemplate [NamedSqmFunctionTemplate(minute)] under minute; prior registration was null
2024-02-16T13:07:08.603+09:00 DEBUG 19692 --- [    Test worker] o.h.q.sqm.function.SqmFunctionRegistry   : Registered SqmFunctionTemplate [NamedSqmFunctionTemplate(second)] under second; prior registration was null
2024-02-16T13:07:08.603+09:00 DEBUG 19692 --- [    Test worker] o.h.q.sqm.function.SqmFunctionRegistry   : Registered SqmFunctionTemplate [NamedSqmFunctionTemplate(microsecond)] under microsecond; prior registration was null
2024-02-16T13:07:08.603+09:00 DEBUG 19692 --- [    Test worker] o.h.q.sqm.function.SqmFunctionRegistry   : Registered SqmFunctionTemplate [NamedSqmFunctionTemplate(dayofweek)] under dayofweek; prior registration was null
2024-02-16T13:07:08.603+09:00 DEBUG 19692 --- [    Test worker] o.h.q.sqm.function.SqmFunctionRegistry   : Registered SqmFunctionTemplate [NamedSqmFunctionTemplate(dayofmonth)] under dayofmonth; prior registration was null
2024-02-16T13:07:08.603+09:00 DEBUG 19692 --- [    Test worker] o.h.q.sqm.function.SqmFunctionRegistry   : Registering alternate key : day -> dayofmonth
2024-02-16T13:07:08.604+09:00 DEBUG 19692 --- [    Test worker] o.h.q.sqm.function.SqmFunctionRegistry   : Registered SqmFunctionTemplate [NamedSqmFunctionTemplate(dayofyear)] under dayofyear; prior registration was null
2024-02-16T13:07:08.604+09:00 DEBUG 19692 --- [    Test worker] o.h.q.sqm.function.SqmFunctionRegistry   : Registered SqmFunctionTemplate [NamedSqmFunctionTemplate(week)] under week; prior registration was null
2024-02-16T13:07:08.604+09:00 DEBUG 19692 --- [    Test worker] o.h.q.sqm.function.SqmFunctionRegistry   : Registered SqmFunctionTemplate [NamedSqmFunctionTemplate(quarter)] under quarter; prior registration was null
2024-02-16T13:07:08.604+09:00 DEBUG 19692 --- [    Test worker] o.h.q.sqm.function.SqmFunctionRegistry   : Registered SqmFunctionTemplate [NamedSqmFunctionTemplate(monthname)] under monthname; prior registration was null
2024-02-16T13:07:08.604+09:00 DEBUG 19692 --- [    Test worker] o.h.q.sqm.function.SqmFunctionRegistry   : Registered SqmFunctionTemplate [NamedSqmFunctionTemplate(dayname)] under dayname; prior registration was null
2024-02-16T13:07:08.605+09:00 DEBUG 19692 --- [    Test worker] o.h.q.sqm.function.SqmFunctionRegistry   : Registered SqmFunctionTemplate [NamedSqmFunctionTemplate(last_day)] under last_day; prior registration was null
2024-02-16T13:07:08.605+09:00 DEBUG 19692 --- [    Test worker] o.h.q.sqm.function.SqmFunctionRegistry   : Registered SqmFunctionTemplate [NamedSqmFunctionTemplate(date)] under date; prior registration was null
2024-02-16T13:07:08.605+09:00 DEBUG 19692 --- [    Test worker] o.h.q.sqm.function.SqmFunctionRegistry   : Registered SqmFunctionTemplate [NamedSqmFunctionTemplate(timestamp)] under timestamp; prior registration was null
2024-02-16T13:07:08.606+09:00 DEBUG 19692 --- [    Test worker] o.h.q.sqm.function.SqmFunctionRegistry   : Registered SqmFunctionTemplate [NamedSqmFunctionTemplate(time)] under time; prior registration was null
2024-02-16T13:07:08.606+09:00 DEBUG 19692 --- [    Test worker] o.h.q.sqm.function.SqmFunctionRegistry   : Registered SqmFunctionTemplate [NamedSqmFunctionTemplate(utc_date)] under utc_date; prior registration was null
2024-02-16T13:07:08.606+09:00 DEBUG 19692 --- [    Test worker] o.h.q.sqm.function.SqmFunctionRegistry   : Registered SqmFunctionTemplate [NamedSqmFunctionTemplate(utc_time)] under utc_time; prior registration was null
2024-02-16T13:07:08.607+09:00 DEBUG 19692 --- [    Test worker] o.h.q.sqm.function.SqmFunctionRegistry   : Registered SqmFunctionTemplate [NamedSqmFunctionTemplate(utc_timestamp)] under utc_timestamp; prior registration was null
2024-02-16T13:07:08.608+09:00 DEBUG 19692 --- [    Test worker] o.h.q.sqm.function.SqmFunctionRegistry   : Registered SqmFunctionTemplate [NamedSqmFunctionTemplate(rand)] under rand; prior registration was null
2024-02-16T13:07:08.609+09:00 DEBUG 19692 --- [    Test worker] o.h.q.sqm.function.SqmFunctionRegistry   : Registered SqmFunctionTemplate [NamedSqmFunctionTemplate(crc32)] under crc32; prior registration was null
2024-02-16T13:07:08.609+09:00 DEBUG 19692 --- [    Test worker] o.h.q.sqm.function.SqmFunctionRegistry   : Registered SqmFunctionTemplate [NamedSqmFunctionTemplate(sha1)] under sha1; prior registration was null
2024-02-16T13:07:08.610+09:00 DEBUG 19692 --- [    Test worker] o.h.q.sqm.function.SqmFunctionRegistry   : Registered SqmFunctionTemplate [NamedSqmFunctionTemplate(sha2)] under sha2; prior registration was null
2024-02-16T13:07:08.610+09:00 DEBUG 19692 --- [    Test worker] o.h.q.sqm.function.SqmFunctionRegistry   : Registered SqmFunctionTemplate [NamedSqmFunctionTemplate(sha)] under sha; prior registration was null
2024-02-16T13:07:08.610+09:00 DEBUG 19692 --- [    Test worker] o.h.q.sqm.function.SqmFunctionRegistry   : Registered SqmFunctionTemplate [NamedSqmFunctionTemplate(bit_length)] under bit_length; prior registration was null
2024-02-16T13:07:08.611+09:00 DEBUG 19692 --- [    Test worker] o.h.q.sqm.function.SqmFunctionRegistry   : Registered SqmFunctionTemplate [NamedSqmFunctionTemplate(octet_length)] under octet_length; prior registration was NamedSqmFunctionTemplate(octet_length)
2024-02-16T13:07:08.611+09:00 DEBUG 19692 --- [    Test worker] o.h.q.sqm.function.SqmFunctionRegistry   : Registered SqmFunctionTemplate [NamedSqmFunctionTemplate(ascii)] under ascii; prior registration was null
2024-02-16T13:07:08.611+09:00 DEBUG 19692 --- [    Test worker] o.h.q.sqm.function.SqmFunctionRegistry   : Registered SqmFunctionTemplate [NamedSqmFunctionTemplate(instr)] under instr; prior registration was null
2024-02-16T13:07:08.612+09:00 DEBUG 19692 --- [    Test worker] o.h.q.sqm.function.SqmFunctionRegistry   : Registered SqmFunctionTemplate [NamedSqmFunctionTemplate(substr)] under substr; prior registration was null
2024-02-16T13:07:08.612+09:00 DEBUG 19692 --- [    Test worker] o.h.q.sqm.function.SqmFunctionRegistry   : Registered SqmFunctionTemplate [org.hibernate.query.sqm.function.PatternBasedSqmFunctionDescriptor@f5f8de2] under position; prior registration was org.hibernate.dialect.function.LocatePositionEmulation@34d5eac
2024-02-16T13:07:08.612+09:00 DEBUG 19692 --- [    Test worker] o.h.q.sqm.function.SqmFunctionRegistry   : Registered SqmFunctionTemplate [NamedSqmFunctionTemplate(curtime)] under curtime; prior registration was null
2024-02-16T13:07:08.613+09:00 DEBUG 19692 --- [    Test worker] o.h.q.sqm.function.SqmFunctionRegistry   : Registered SqmFunctionTemplate [NamedSqmFunctionTemplate(curdate)] under curdate; prior registration was null
2024-02-16T13:07:08.613+09:00 DEBUG 19692 --- [    Test worker] o.h.q.sqm.function.SqmFunctionRegistry   : Registered SqmFunctionTemplate [NamedSqmFunctionTemplate(now)] under now; prior registration was null
2024-02-16T13:07:08.619+09:00 DEBUG 19692 --- [    Test worker] o.h.q.sqm.function.SqmFunctionRegistry   : Registered SqmFunctionTemplate [org.hibernate.dialect.function.TruncFunction@70bc9070] under trunc; prior registration was null
2024-02-16T13:07:08.619+09:00 DEBUG 19692 --- [    Test worker] o.h.q.sqm.function.SqmFunctionRegistry   : Registering alternate key : truncate -> trunc
2024-02-16T13:07:08.619+09:00 DEBUG 19692 --- [    Test worker] o.h.q.sqm.function.SqmFunctionRegistry   : Registered SqmFunctionTemplate [NamedSqmFunctionTemplate(insert)] under insert; prior registration was null
2024-02-16T13:07:08.620+09:00 DEBUG 19692 --- [    Test worker] o.h.q.sqm.function.SqmFunctionRegistry   : Registered SqmFunctionTemplate [org.hibernate.query.sqm.function.PatternBasedSqmFunctionDescriptor@5d202dc4] under bitand; prior registration was null
2024-02-16T13:07:08.620+09:00 DEBUG 19692 --- [    Test worker] o.h.q.sqm.function.SqmFunctionRegistry   : Registered SqmFunctionTemplate [org.hibernate.query.sqm.function.PatternBasedSqmFunctionDescriptor@71e409f] under bitor; prior registration was null
2024-02-16T13:07:08.620+09:00 DEBUG 19692 --- [    Test worker] o.h.q.sqm.function.SqmFunctionRegistry   : Registered SqmFunctionTemplate [org.hibernate.query.sqm.function.PatternBasedSqmFunctionDescriptor@14c18a6a] under bitxor; prior registration was null
2024-02-16T13:07:08.620+09:00 DEBUG 19692 --- [    Test worker] o.h.q.sqm.function.SqmFunctionRegistry   : Registered SqmFunctionTemplate [org.hibernate.query.sqm.function.PatternBasedSqmFunctionDescriptor@6aa792] under bitnot; prior registration was null
2024-02-16T13:07:08.620+09:00 DEBUG 19692 --- [    Test worker] o.h.q.sqm.function.SqmFunctionRegistry   : Registered SqmFunctionTemplate [NamedSqmFunctionTemplate(bit_and)] under bit_and; prior registration was null
2024-02-16T13:07:08.620+09:00 DEBUG 19692 --- [    Test worker] o.h.q.sqm.function.SqmFunctionRegistry   : Registered SqmFunctionTemplate [NamedSqmFunctionTemplate(bit_or)] under bit_or; prior registration was null
2024-02-16T13:07:08.620+09:00 DEBUG 19692 --- [    Test worker] o.h.q.sqm.function.SqmFunctionRegistry   : Registered SqmFunctionTemplate [NamedSqmFunctionTemplate(stddev)] under stddev; prior registration was null
2024-02-16T13:07:08.620+09:00 DEBUG 19692 --- [    Test worker] o.h.q.sqm.function.SqmFunctionRegistry   : Registered SqmFunctionTemplate [NamedSqmFunctionTemplate(stddev_pop)] under stddev_pop; prior registration was null
2024-02-16T13:07:08.620+09:00 DEBUG 19692 --- [    Test worker] o.h.q.sqm.function.SqmFunctionRegistry   : Registered SqmFunctionTemplate [NamedSqmFunctionTemplate(stddev_samp)] under stddev_samp; prior registration was null
2024-02-16T13:07:08.620+09:00 DEBUG 19692 --- [    Test worker] o.h.q.sqm.function.SqmFunctionRegistry   : Registered SqmFunctionTemplate [NamedSqmFunctionTemplate(variance)] under variance; prior registration was null
2024-02-16T13:07:08.620+09:00 DEBUG 19692 --- [    Test worker] o.h.q.sqm.function.SqmFunctionRegistry   : Registered SqmFunctionTemplate [NamedSqmFunctionTemplate(var_pop)] under var_pop; prior registration was null
2024-02-16T13:07:08.620+09:00 DEBUG 19692 --- [    Test worker] o.h.q.sqm.function.SqmFunctionRegistry   : Registered SqmFunctionTemplate [NamedSqmFunctionTemplate(var_samp)] under var_samp; prior registration was null
2024-02-16T13:07:08.620+09:00 DEBUG 19692 --- [    Test worker] o.h.q.sqm.function.SqmFunctionRegistry   : Registered SqmFunctionTemplate [NamedSqmFunctionTemplate(datediff)] under datediff; prior registration was null
2024-02-16T13:07:08.621+09:00 DEBUG 19692 --- [    Test worker] o.h.q.sqm.function.SqmFunctionRegistry   : Registered SqmFunctionTemplate [NamedSqmFunctionTemplate(adddate)] under adddate; prior registration was null
2024-02-16T13:07:08.621+09:00 DEBUG 19692 --- [    Test worker] o.h.q.sqm.function.SqmFunctionRegistry   : Registered SqmFunctionTemplate [NamedSqmFunctionTemplate(subdate)] under subdate; prior registration was null
2024-02-16T13:07:08.621+09:00 DEBUG 19692 --- [    Test worker] o.h.q.sqm.function.SqmFunctionRegistry   : Registered SqmFunctionTemplate [NamedSqmFunctionTemplate(addtime)] under addtime; prior registration was null
2024-02-16T13:07:08.621+09:00 DEBUG 19692 --- [    Test worker] o.h.q.sqm.function.SqmFunctionRegistry   : Registered SqmFunctionTemplate [NamedSqmFunctionTemplate(subtime)] under subtime; prior registration was null
2024-02-16T13:07:08.621+09:00 DEBUG 19692 --- [    Test worker] o.h.q.sqm.function.SqmFunctionRegistry   : Registered SqmFunctionTemplate [org.hibernate.dialect.function.FormatFunction@5c78f456] under format; prior registration was org.hibernate.dialect.function.FormatFunction@50b4e7b2
2024-02-16T13:07:08.621+09:00 DEBUG 19692 --- [    Test worker] o.h.q.sqm.function.SqmFunctionRegistry   : Registered SqmFunctionTemplate [NamedSqmFunctionTemplate(makedate)] under makedate; prior registration was null
2024-02-16T13:07:08.621+09:00 DEBUG 19692 --- [    Test worker] o.h.q.sqm.function.SqmFunctionRegistry   : Registered SqmFunctionTemplate [NamedSqmFunctionTemplate(maketime)] under maketime; prior registration was null
2024-02-16T13:07:08.621+09:00 DEBUG 19692 --- [    Test worker] o.h.q.sqm.function.SqmFunctionRegistry   : Registered SqmFunctionTemplate [NamedSqmFunctionTemplate(localtime)] under localtime; prior registration was null
2024-02-16T13:07:08.621+09:00 DEBUG 19692 --- [    Test worker] o.h.q.sqm.function.SqmFunctionRegistry   : Registered SqmFunctionTemplate [NamedSqmFunctionTemplate(localtimestamp)] under localtimestamp; prior registration was null
2024-02-16T13:07:08.621+09:00 DEBUG 19692 --- [    Test worker] o.h.q.sqm.function.SqmFunctionRegistry   : Registered SqmFunctionTemplate [NamedSqmFunctionTemplate(localtime)] under local_time; prior registration was org.hibernate.dialect.function.CurrentFunction@1e288c76
2024-02-16T13:07:08.621+09:00 DEBUG 19692 --- [    Test worker] o.h.q.sqm.function.SqmFunctionRegistry   : Registered SqmFunctionTemplate [NamedSqmFunctionTemplate(localtimestamp)] under local_datetime; prior registration was org.hibernate.dialect.function.CurrentFunction@738ed8f5
2024-02-16T13:07:08.621+09:00 DEBUG 19692 --- [    Test worker] o.h.q.sqm.function.SqmFunctionRegistry   : Registered SqmFunctionTemplate [NamedSqmFunctionTemplate(localtime)] under localtime; prior registration was NamedSqmFunctionTemplate(localtime)
2024-02-16T13:07:08.622+09:00 DEBUG 19692 --- [    Test worker] o.h.q.sqm.function.SqmFunctionRegistry   : Registered SqmFunctionTemplate [org.hibernate.query.sqm.function.PatternBasedSqmFunctionDescriptor@29174dfe] under pi; prior registration was org.hibernate.query.sqm.function.PatternBasedSqmFunctionDescriptor@19f99aaf
2024-02-16T13:07:08.622+09:00 DEBUG 19692 --- [    Test worker] o.h.q.sqm.function.SqmFunctionRegistry   : Registered SqmFunctionTemplate [org.hibernate.query.sqm.function.PatternBasedSqmFunctionDescriptor@319d106c] under chr; prior registration was null
2024-02-16T13:07:08.622+09:00 DEBUG 19692 --- [    Test worker] o.h.q.sqm.function.SqmFunctionRegistry   : Registering alternate key : char -> chr
2024-02-16T13:07:08.622+09:00 DEBUG 19692 --- [    Test worker] o.h.q.sqm.function.SqmFunctionRegistry   : Registered SqmFunctionTemplate [org.hibernate.query.sqm.function.PatternBasedSqmFunctionDescriptor@641e67fa] under sysdate; prior registration was null
2024-02-16T13:07:08.623+09:00 DEBUG 19692 --- [    Test worker] o.h.q.sqm.function.SqmFunctionRegistry   : Registered SqmFunctionTemplate [org.hibernate.dialect.function.ListaggGroupConcatEmulation@2245ccaa] under listagg; prior registration was null
2024-02-16T13:07:08.626+09:00 DEBUG 19692 --- [    Test worker] org.hibernate.HQL_FUNCTIONS              : abs(NUMERIC arg)
2024-02-16T13:07:08.626+09:00 DEBUG 19692 --- [    Test worker] org.hibernate.HQL_FUNCTIONS              : Double acos(NUMERIC arg)
2024-02-16T13:07:08.626+09:00 DEBUG 19692 --- [    Test worker] org.hibernate.HQL_FUNCTIONS              : adddate(DATE datetime, INTEGER days)
2024-02-16T13:07:08.626+09:00 DEBUG 19692 --- [    Test worker] org.hibernate.HQL_FUNCTIONS              : addtime(TIME datetime, TIME time)
2024-02-16T13:07:08.626+09:00 DEBUG 19692 --- [    Test worker] org.hibernate.HQL_FUNCTIONS              : Boolean any(BOOLEAN arg)
2024-02-16T13:07:08.626+09:00 DEBUG 19692 --- [    Test worker] org.hibernate.HQL_FUNCTIONS              : Integer ascii(STRING arg)
2024-02-16T13:07:08.627+09:00 DEBUG 19692 --- [    Test worker] org.hibernate.HQL_FUNCTIONS              : Double asin(NUMERIC arg)
2024-02-16T13:07:08.627+09:00 DEBUG 19692 --- [    Test worker] org.hibernate.HQL_FUNCTIONS              : Double atan(NUMERIC arg)
2024-02-16T13:07:08.627+09:00 DEBUG 19692 --- [    Test worker] org.hibernate.HQL_FUNCTIONS              : Double atan2(NUMERIC arg0, NUMERIC arg1)
2024-02-16T13:07:08.627+09:00 DEBUG 19692 --- [    Test worker] org.hibernate.HQL_FUNCTIONS              : avg(arg)
2024-02-16T13:07:08.627+09:00 DEBUG 19692 --- [    Test worker] org.hibernate.HQL_FUNCTIONS              : bit_and(arg)
2024-02-16T13:07:08.627+09:00 DEBUG 19692 --- [    Test worker] org.hibernate.HQL_FUNCTIONS              : Integer bit_length(STRING_OR_CLOB arg)
2024-02-16T13:07:08.627+09:00 DEBUG 19692 --- [    Test worker] org.hibernate.HQL_FUNCTIONS              : bit_or(arg)
2024-02-16T13:07:08.627+09:00 DEBUG 19692 --- [    Test worker] org.hibernate.HQL_FUNCTIONS              : bitand(arg0, arg1)
2024-02-16T13:07:08.627+09:00 DEBUG 19692 --- [    Test worker] org.hibernate.HQL_FUNCTIONS              : bitnot(arg)
2024-02-16T13:07:08.627+09:00 DEBUG 19692 --- [    Test worker] org.hibernate.HQL_FUNCTIONS              : bitor(arg0, arg1)
2024-02-16T13:07:08.627+09:00 DEBUG 19692 --- [    Test worker] org.hibernate.HQL_FUNCTIONS              : bitxor(arg0, arg1)
2024-02-16T13:07:08.627+09:00 DEBUG 19692 --- [    Test worker] org.hibernate.HQL_FUNCTIONS              : cast(arg as Type)
2024-02-16T13:07:08.627+09:00 DEBUG 19692 --- [    Test worker] org.hibernate.HQL_FUNCTIONS              : ceiling(NUMERIC arg)
2024-02-16T13:07:08.627+09:00 DEBUG 19692 --- [    Test worker] org.hibernate.HQL_FUNCTIONS              : Character char(INTEGER arg)
2024-02-16T13:07:08.627+09:00 DEBUG 19692 --- [    Test worker] org.hibernate.HQL_FUNCTIONS              : Integer character_length(STRING_OR_CLOB arg)
2024-02-16T13:07:08.627+09:00 DEBUG 19692 --- [    Test worker] org.hibernate.HQL_FUNCTIONS              : Character chr(INTEGER arg)
2024-02-16T13:07:08.627+09:00 DEBUG 19692 --- [    Test worker] org.hibernate.HQL_FUNCTIONS              : coalesce(arg0[, arg1[, ...]])
2024-02-16T13:07:08.628+09:00 DEBUG 19692 --- [    Test worker] org.hibernate.HQL_FUNCTIONS              : String collate(STRING string as COLLATION collation)
2024-02-16T13:07:08.628+09:00 DEBUG 19692 --- [    Test worker] org.hibernate.HQL_FUNCTIONS              : String concat(STRING string0[, STRING string1[, ...]])
2024-02-16T13:07:08.628+09:00 DEBUG 19692 --- [    Test worker] org.hibernate.HQL_FUNCTIONS              : Double cos(NUMERIC arg)
2024-02-16T13:07:08.628+09:00 DEBUG 19692 --- [    Test worker] org.hibernate.HQL_FUNCTIONS              : Double cosh(NUMERIC arg)
2024-02-16T13:07:08.628+09:00 DEBUG 19692 --- [    Test worker] org.hibernate.HQL_FUNCTIONS              : Double cot(NUMERIC arg)
2024-02-16T13:07:08.628+09:00 DEBUG 19692 --- [    Test worker] org.hibernate.HQL_FUNCTIONS              : Long count([distinct ]{arg|*})
2024-02-16T13:07:08.628+09:00 DEBUG 19692 --- [    Test worker] org.hibernate.HQL_FUNCTIONS              : Integer crc32(arg)
2024-02-16T13:07:08.628+09:00 DEBUG 19692 --- [    Test worker] org.hibernate.HQL_FUNCTIONS              : Date curdate()
2024-02-16T13:07:08.628+09:00 DEBUG 19692 --- [    Test worker] org.hibernate.HQL_FUNCTIONS              : Date current date
2024-02-16T13:07:08.628+09:00 DEBUG 19692 --- [    Test worker] org.hibernate.HQL_FUNCTIONS              : Time current time
2024-02-16T13:07:08.628+09:00 DEBUG 19692 --- [    Test worker] org.hibernate.HQL_FUNCTIONS              : Timestamp current timestamp
2024-02-16T13:07:08.628+09:00 DEBUG 19692 --- [    Test worker] org.hibernate.HQL_FUNCTIONS              : Date current_date
2024-02-16T13:07:08.628+09:00 DEBUG 19692 --- [    Test worker] org.hibernate.HQL_FUNCTIONS              : Instant current_instant
2024-02-16T13:07:08.628+09:00 DEBUG 19692 --- [    Test worker] org.hibernate.HQL_FUNCTIONS              : Time current_time
2024-02-16T13:07:08.628+09:00 DEBUG 19692 --- [    Test worker] org.hibernate.HQL_FUNCTIONS              : Timestamp current_timestamp
2024-02-16T13:07:08.628+09:00 DEBUG 19692 --- [    Test worker] org.hibernate.HQL_FUNCTIONS              : Time curtime()
2024-02-16T13:07:08.628+09:00 DEBUG 19692 --- [    Test worker] org.hibernate.HQL_FUNCTIONS              : Date date(arg)
2024-02-16T13:07:08.628+09:00 DEBUG 19692 --- [    Test worker] org.hibernate.HQL_FUNCTIONS              : dateadd(TEMPORAL_UNIT field, INTEGER magnitude, TEMPORAL datetime)
2024-02-16T13:07:08.628+09:00 DEBUG 19692 --- [    Test worker] org.hibernate.HQL_FUNCTIONS              : Integer datediff(DATE end, DATE start)
2024-02-16T13:07:08.628+09:00 DEBUG 19692 --- [    Test worker] org.hibernate.HQL_FUNCTIONS              : Integer day(DATE arg)
2024-02-16T13:07:08.628+09:00 DEBUG 19692 --- [    Test worker] org.hibernate.HQL_FUNCTIONS              : String dayname(DATE arg)
2024-02-16T13:07:08.628+09:00 DEBUG 19692 --- [    Test worker] org.hibernate.HQL_FUNCTIONS              : Integer dayofmonth(DATE arg)
2024-02-16T13:07:08.629+09:00 DEBUG 19692 --- [    Test worker] org.hibernate.HQL_FUNCTIONS              : Integer dayofweek(DATE arg)
2024-02-16T13:07:08.629+09:00 DEBUG 19692 --- [    Test worker] org.hibernate.HQL_FUNCTIONS              : Integer dayofyear(DATE arg)
2024-02-16T13:07:08.629+09:00 DEBUG 19692 --- [    Test worker] org.hibernate.HQL_FUNCTIONS              : Double degrees(NUMERIC arg)
2024-02-16T13:07:08.629+09:00 DEBUG 19692 --- [    Test worker] org.hibernate.HQL_FUNCTIONS              : Boolean every(BOOLEAN arg)
2024-02-16T13:07:08.629+09:00 DEBUG 19692 --- [    Test worker] org.hibernate.HQL_FUNCTIONS              : Double exp(NUMERIC arg)
2024-02-16T13:07:08.629+09:00 DEBUG 19692 --- [    Test worker] org.hibernate.HQL_FUNCTIONS              : extract(TEMPORAL_UNIT field from TEMPORAL arg)
2024-02-16T13:07:08.629+09:00 DEBUG 19692 --- [    Test worker] org.hibernate.HQL_FUNCTIONS              : floor(NUMERIC arg)
2024-02-16T13:07:08.629+09:00 DEBUG 19692 --- [    Test worker] org.hibernate.HQL_FUNCTIONS              : String format(TEMPORAL datetime as STRING pattern)
2024-02-16T13:07:08.629+09:00 DEBUG 19692 --- [    Test worker] org.hibernate.HQL_FUNCTIONS              : greatest(COMPARABLE arg0, COMPARABLE arg1[, arg2[, ...]])
2024-02-16T13:07:08.629+09:00 DEBUG 19692 --- [    Test worker] org.hibernate.HQL_FUNCTIONS              : Integer hour(TIME arg)
2024-02-16T13:07:08.629+09:00 DEBUG 19692 --- [    Test worker] org.hibernate.HQL_FUNCTIONS              : ifnull(arg0, arg1)
2024-02-16T13:07:08.629+09:00 DEBUG 19692 --- [    Test worker] org.hibernate.HQL_FUNCTIONS              : String insert(STRING string, INTEGER start, INTEGER length, STRING replacement)
2024-02-16T13:07:08.629+09:00 DEBUG 19692 --- [    Test worker] org.hibernate.HQL_FUNCTIONS              : Instant instant
2024-02-16T13:07:08.629+09:00 DEBUG 19692 --- [    Test worker] org.hibernate.HQL_FUNCTIONS              : Integer instr(STRING string, STRING pattern[, INTEGER start[, INTEGER occurrence]])
2024-02-16T13:07:08.629+09:00 DEBUG 19692 --- [    Test worker] org.hibernate.HQL_FUNCTIONS              : Date last_day(DATE arg)
2024-02-16T13:07:08.629+09:00 DEBUG 19692 --- [    Test worker] org.hibernate.HQL_FUNCTIONS              : least(COMPARABLE arg0, COMPARABLE arg1[, arg2[, ...]])
2024-02-16T13:07:08.629+09:00 DEBUG 19692 --- [    Test worker] org.hibernate.HQL_FUNCTIONS              : String left(STRING string, INTEGER length)
2024-02-16T13:07:08.629+09:00 DEBUG 19692 --- [    Test worker] org.hibernate.HQL_FUNCTIONS              : Integer length(STRING_OR_CLOB arg)
2024-02-16T13:07:08.629+09:00 DEBUG 19692 --- [    Test worker] org.hibernate.HQL_FUNCTIONS              : String listagg(STRING arg0, STRING arg1)
2024-02-16T13:07:08.629+09:00 DEBUG 19692 --- [    Test worker] org.hibernate.HQL_FUNCTIONS              : Double ln(NUMERIC arg)
2024-02-16T13:07:08.629+09:00 DEBUG 19692 --- [    Test worker] org.hibernate.HQL_FUNCTIONS              : LocalDate local date
2024-02-16T13:07:08.629+09:00 DEBUG 19692 --- [    Test worker] org.hibernate.HQL_FUNCTIONS              : LocalDateTime local datetime
2024-02-16T13:07:08.630+09:00 DEBUG 19692 --- [    Test worker] org.hibernate.HQL_FUNCTIONS              : LocalTime local time
2024-02-16T13:07:08.630+09:00 DEBUG 19692 --- [    Test worker] org.hibernate.HQL_FUNCTIONS              : LocalDate local_date
2024-02-16T13:07:08.630+09:00 DEBUG 19692 --- [    Test worker] org.hibernate.HQL_FUNCTIONS              : LocalDateTime local_datetime
2024-02-16T13:07:08.630+09:00 DEBUG 19692 --- [    Test worker] org.hibernate.HQL_FUNCTIONS              : LocalTime local_time
2024-02-16T13:07:08.630+09:00 DEBUG 19692 --- [    Test worker] org.hibernate.HQL_FUNCTIONS              : Timestamp localtime
2024-02-16T13:07:08.630+09:00 DEBUG 19692 --- [    Test worker] org.hibernate.HQL_FUNCTIONS              : Timestamp localtimestamp
2024-02-16T13:07:08.630+09:00 DEBUG 19692 --- [    Test worker] org.hibernate.HQL_FUNCTIONS              : Integer locate(STRING pattern, STRING string[, INTEGER start])
2024-02-16T13:07:08.630+09:00 DEBUG 19692 --- [    Test worker] org.hibernate.HQL_FUNCTIONS              : Double log(NUMERIC arg0[, NUMERIC arg1])
2024-02-16T13:07:08.630+09:00 DEBUG 19692 --- [    Test worker] org.hibernate.HQL_FUNCTIONS              : Double log10(NUMERIC arg)
2024-02-16T13:07:08.630+09:00 DEBUG 19692 --- [    Test worker] org.hibernate.HQL_FUNCTIONS              : Double log2(NUMERIC arg)
2024-02-16T13:07:08.630+09:00 DEBUG 19692 --- [    Test worker] org.hibernate.HQL_FUNCTIONS              : String lower(STRING string)
2024-02-16T13:07:08.630+09:00 DEBUG 19692 --- [    Test worker] org.hibernate.HQL_FUNCTIONS              : String lpad(string, length[, padding])
2024-02-16T13:07:08.630+09:00 DEBUG 19692 --- [    Test worker] org.hibernate.HQL_FUNCTIONS              : String ltrim(STRING string[, STRING characters])
2024-02-16T13:07:08.630+09:00 DEBUG 19692 --- [    Test worker] org.hibernate.HQL_FUNCTIONS              : Date makedate(INTEGER year, INTEGER dayofyear)
2024-02-16T13:07:08.630+09:00 DEBUG 19692 --- [    Test worker] org.hibernate.HQL_FUNCTIONS              : Time maketime(INTEGER hour, INTEGER min, INTEGER sec)
2024-02-16T13:07:08.630+09:00 DEBUG 19692 --- [    Test worker] org.hibernate.HQL_FUNCTIONS              : max(COMPARABLE arg)
2024-02-16T13:07:08.630+09:00 DEBUG 19692 --- [    Test worker] org.hibernate.HQL_FUNCTIONS              : String md5(arg)
2024-02-16T13:07:08.630+09:00 DEBUG 19692 --- [    Test worker] org.hibernate.HQL_FUNCTIONS              : Integer microsecond(TIME arg)
2024-02-16T13:07:08.630+09:00 DEBUG 19692 --- [    Test worker] org.hibernate.HQL_FUNCTIONS              : min(COMPARABLE arg)
2024-02-16T13:07:08.630+09:00 DEBUG 19692 --- [    Test worker] org.hibernate.HQL_FUNCTIONS              : Integer minute(TIME arg)
2024-02-16T13:07:08.630+09:00 DEBUG 19692 --- [    Test worker] org.hibernate.HQL_FUNCTIONS              : Integer mod(INTEGER arg0, INTEGER arg1)
2024-02-16T13:07:08.630+09:00 DEBUG 19692 --- [    Test worker] org.hibernate.HQL_FUNCTIONS              : Integer month(DATE arg)
2024-02-16T13:07:08.630+09:00 DEBUG 19692 --- [    Test worker] org.hibernate.HQL_FUNCTIONS              : String monthname(DATE arg)
2024-02-16T13:07:08.631+09:00 DEBUG 19692 --- [    Test worker] org.hibernate.HQL_FUNCTIONS              : Timestamp now()
2024-02-16T13:07:08.631+09:00 DEBUG 19692 --- [    Test worker] org.hibernate.HQL_FUNCTIONS              : nullif(arg0, arg1)
2024-02-16T13:07:08.631+09:00 DEBUG 19692 --- [    Test worker] org.hibernate.HQL_FUNCTIONS              : Integer octet_length(STRING_OR_CLOB arg)
2024-02-16T13:07:08.631+09:00 DEBUG 19692 --- [    Test worker] org.hibernate.HQL_FUNCTIONS              : OffsetDateTime offset datetime
2024-02-16T13:07:08.631+09:00 DEBUG 19692 --- [    Test worker] org.hibernate.HQL_FUNCTIONS              : OffsetDateTime offset_datetime
2024-02-16T13:07:08.631+09:00 DEBUG 19692 --- [    Test worker] org.hibernate.HQL_FUNCTIONS              : String overlay(STRING string placing STRING replacement from INTEGER start[ for INTEGER length])
2024-02-16T13:07:08.631+09:00 DEBUG 19692 --- [    Test worker] org.hibernate.HQL_FUNCTIONS              : String pad(STRING string with INTEGER length {leading|trailing}[ STRING character])
2024-02-16T13:07:08.631+09:00 DEBUG 19692 --- [    Test worker] org.hibernate.HQL_FUNCTIONS              : Double pi
2024-02-16T13:07:08.631+09:00 DEBUG 19692 --- [    Test worker] org.hibernate.HQL_FUNCTIONS              : Integer position(STRING pattern in STRING string)
2024-02-16T13:07:08.631+09:00 DEBUG 19692 --- [    Test worker] org.hibernate.HQL_FUNCTIONS              : Double power(NUMERIC arg0, NUMERIC arg1)
2024-02-16T13:07:08.631+09:00 DEBUG 19692 --- [    Test worker] org.hibernate.HQL_FUNCTIONS              : Integer quarter(DATE arg)
2024-02-16T13:07:08.631+09:00 DEBUG 19692 --- [    Test worker] org.hibernate.HQL_FUNCTIONS              : Double radians(NUMERIC arg)
2024-02-16T13:07:08.631+09:00 DEBUG 19692 --- [    Test worker] org.hibernate.HQL_FUNCTIONS              : Double rand([INTEGER seed])
2024-02-16T13:07:08.631+09:00 DEBUG 19692 --- [    Test worker] org.hibernate.HQL_FUNCTIONS              : String repeat(STRING string, INTEGER times)
2024-02-16T13:07:08.631+09:00 DEBUG 19692 --- [    Test worker] org.hibernate.HQL_FUNCTIONS              : String replace(STRING string, STRING pattern, STRING replacement)
2024-02-16T13:07:08.631+09:00 DEBUG 19692 --- [    Test worker] org.hibernate.HQL_FUNCTIONS              : String reverse(STRING arg)
2024-02-16T13:07:08.632+09:00 DEBUG 19692 --- [    Test worker] org.hibernate.HQL_FUNCTIONS              : String right(STRING string, INTEGER length)
2024-02-16T13:07:08.632+09:00 DEBUG 19692 --- [    Test worker] org.hibernate.HQL_FUNCTIONS              : round(NUMERIC number[, INTEGER places])
2024-02-16T13:07:08.632+09:00 DEBUG 19692 --- [    Test worker] org.hibernate.HQL_FUNCTIONS              : String rpad(string, length[, padding])
2024-02-16T13:07:08.632+09:00 DEBUG 19692 --- [    Test worker] org.hibernate.HQL_FUNCTIONS              : String rtrim(STRING string[, STRING characters])
2024-02-16T13:07:08.632+09:00 DEBUG 19692 --- [    Test worker] org.hibernate.HQL_FUNCTIONS              : Integer second(TIME arg)
2024-02-16T13:07:08.632+09:00 DEBUG 19692 --- [    Test worker] org.hibernate.HQL_FUNCTIONS              : String sha(arg)
2024-02-16T13:07:08.632+09:00 DEBUG 19692 --- [    Test worker] org.hibernate.HQL_FUNCTIONS              : String sha1(arg)
2024-02-16T13:07:08.632+09:00 DEBUG 19692 --- [    Test worker] org.hibernate.HQL_FUNCTIONS              : String sha2(arg0, arg1)
2024-02-16T13:07:08.632+09:00 DEBUG 19692 --- [    Test worker] org.hibernate.HQL_FUNCTIONS              : Integer sign(NUMERIC arg)
2024-02-16T13:07:08.632+09:00 DEBUG 19692 --- [    Test worker] org.hibernate.HQL_FUNCTIONS              : Double sin(NUMERIC arg)
2024-02-16T13:07:08.632+09:00 DEBUG 19692 --- [    Test worker] org.hibernate.HQL_FUNCTIONS              : Double sinh(NUMERIC arg)
2024-02-16T13:07:08.632+09:00 DEBUG 19692 --- [    Test worker] org.hibernate.HQL_FUNCTIONS              : String soundex(arg)
2024-02-16T13:07:08.632+09:00 DEBUG 19692 --- [    Test worker] org.hibernate.HQL_FUNCTIONS              : String space(INTEGER arg)
2024-02-16T13:07:08.632+09:00 DEBUG 19692 --- [    Test worker] org.hibernate.HQL_FUNCTIONS              : Object sql
2024-02-16T13:07:08.632+09:00 DEBUG 19692 --- [    Test worker] org.hibernate.HQL_FUNCTIONS              : Double sqrt(NUMERIC arg)
2024-02-16T13:07:08.632+09:00 DEBUG 19692 --- [    Test worker] org.hibernate.HQL_FUNCTIONS              : Double stddev(NUMERIC arg)
2024-02-16T13:07:08.632+09:00 DEBUG 19692 --- [    Test worker] org.hibernate.HQL_FUNCTIONS              : Double stddev_pop(NUMERIC arg)
2024-02-16T13:07:08.632+09:00 DEBUG 19692 --- [    Test worker] org.hibernate.HQL_FUNCTIONS              : Double stddev_samp(NUMERIC arg)
2024-02-16T13:07:08.632+09:00 DEBUG 19692 --- [    Test worker] org.hibernate.HQL_FUNCTIONS              : String str(arg)
2024-02-16T13:07:08.632+09:00 DEBUG 19692 --- [    Test worker] org.hibernate.HQL_FUNCTIONS              : subdate(DATE datetime, INTEGER days)
2024-02-16T13:07:08.633+09:00 DEBUG 19692 --- [    Test worker] org.hibernate.HQL_FUNCTIONS              : String substr(STRING string, INTEGER start[, INTEGER length])
2024-02-16T13:07:08.633+09:00 DEBUG 19692 --- [    Test worker] org.hibernate.HQL_FUNCTIONS              : String substring(STRING string{ from|,} INTEGER start[{ for|,} INTEGER length])
2024-02-16T13:07:08.633+09:00 DEBUG 19692 --- [    Test worker] org.hibernate.HQL_FUNCTIONS              : subtime(TIME datetime, TIME time)
2024-02-16T13:07:08.633+09:00 DEBUG 19692 --- [    Test worker] org.hibernate.HQL_FUNCTIONS              : sum(arg)
2024-02-16T13:07:08.633+09:00 DEBUG 19692 --- [    Test worker] org.hibernate.HQL_FUNCTIONS              : Timestamp sysdate()
2024-02-16T13:07:08.633+09:00 DEBUG 19692 --- [    Test worker] org.hibernate.HQL_FUNCTIONS              : Double tan(NUMERIC arg)
2024-02-16T13:07:08.633+09:00 DEBUG 19692 --- [    Test worker] org.hibernate.HQL_FUNCTIONS              : Double tanh(NUMERIC arg)
2024-02-16T13:07:08.633+09:00 DEBUG 19692 --- [    Test worker] org.hibernate.HQL_FUNCTIONS              : String time(arg)
2024-02-16T13:07:08.633+09:00 DEBUG 19692 --- [    Test worker] org.hibernate.HQL_FUNCTIONS              : Timestamp timestamp(arg0[, arg1])
2024-02-16T13:07:08.633+09:00 DEBUG 19692 --- [    Test worker] org.hibernate.HQL_FUNCTIONS              : timestampadd(TEMPORAL_UNIT field, INTEGER magnitude, TEMPORAL datetime)
2024-02-16T13:07:08.634+09:00 DEBUG 19692 --- [    Test worker] org.hibernate.HQL_FUNCTIONS              : basicType@12(java.lang.Long,-5)|basicType@17(java.lang.Double,8) timestampdiff(TEMPORAL_UNIT field, TEMPORAL start, TEMPORAL end)
2024-02-16T13:07:08.634+09:00 DEBUG 19692 --- [    Test worker] org.hibernate.HQL_FUNCTIONS              : String trim([[{leading|trailing|both} ][STRING arg0 ]from] STRING arg1)
2024-02-16T13:07:08.634+09:00 DEBUG 19692 --- [    Test worker] org.hibernate.HQL_FUNCTIONS              : trunc( ... )
2024-02-16T13:07:08.635+09:00 DEBUG 19692 --- [    Test worker] org.hibernate.HQL_FUNCTIONS              : truncate( ... )
2024-02-16T13:07:08.635+09:00 DEBUG 19692 --- [    Test worker] org.hibernate.HQL_FUNCTIONS              : String upper(STRING string)
2024-02-16T13:07:08.635+09:00 DEBUG 19692 --- [    Test worker] org.hibernate.HQL_FUNCTIONS              : Date utc_date
2024-02-16T13:07:08.635+09:00 DEBUG 19692 --- [    Test worker] org.hibernate.HQL_FUNCTIONS              : Time utc_time
2024-02-16T13:07:08.635+09:00 DEBUG 19692 --- [    Test worker] org.hibernate.HQL_FUNCTIONS              : Timestamp utc_timestamp
2024-02-16T13:07:08.635+09:00 DEBUG 19692 --- [    Test worker] org.hibernate.HQL_FUNCTIONS              : Double var_pop(NUMERIC arg)
2024-02-16T13:07:08.635+09:00 DEBUG 19692 --- [    Test worker] org.hibernate.HQL_FUNCTIONS              : Double var_samp(NUMERIC arg)
2024-02-16T13:07:08.635+09:00 DEBUG 19692 --- [    Test worker] org.hibernate.HQL_FUNCTIONS              : Double variance(NUMERIC arg)
2024-02-16T13:07:08.635+09:00 DEBUG 19692 --- [    Test worker] org.hibernate.HQL_FUNCTIONS              : Integer week(DATE arg)
2024-02-16T13:07:08.636+09:00 DEBUG 19692 --- [    Test worker] org.hibernate.HQL_FUNCTIONS              : Integer year(DATE arg)
2024-02-16T13:07:08.643+09:00 DEBUG 19692 --- [    Test worker] org.hibernate.orm.query.plan.cache       : Starting QueryInterpretationCache(2048)
2024-02-16T13:07:08.750+09:00 DEBUG 19692 --- [    Test worker] .h.s.i.SessionFactoryServiceRegistryImpl : EventListenerRegistry access via ServiceRegistry is deprecated.  Use `sessionFactory.getEventEngine().getListenerRegistry()` instead
2024-02-16T13:07:08.753+09:00 DEBUG 19692 --- [    Test worker] h.e.i.EntityCopyObserverFactoryInitiator : Configured EntityCopyObserver strategy: disallow
2024-02-16T13:07:08.783+09:00 DEBUG 19692 --- [    Test worker] o.hibernate.orm.model.mapping.creation   : Starting post-init callbacks
2024-02-16T13:07:08.809+09:00  INFO 19692 --- [    Test worker] o.h.e.t.j.p.i.JtaPlatformInitiator       : HHH000489: No JTA platform available (set 'hibernate.transaction.jta.platform' to enable JTA platform integration)
2024-02-16T13:07:08.811+09:00 DEBUG 19692 --- [    Test worker] o.h.type.spi.TypeConfiguration$Scope     : Scoping TypeConfiguration [org.hibernate.type.spi.TypeConfiguration@2f58f492] to SessionFactoryImplementor [org.hibernate.internal.SessionFactoryImpl@50f6ecab]
2024-02-16T13:07:08.813+09:00 DEBUG 19692 --- [    Test worker] o.h.query.named.NamedObjectRepository    : Checking 0 named HQL queries
2024-02-16T13:07:08.814+09:00 DEBUG 19692 --- [    Test worker] o.h.query.named.NamedObjectRepository    : Checking 0 named SQL queries
2024-02-16T13:07:08.819+09:00 DEBUG 19692 --- [    Test worker] .h.t.s.s.SchemaManagementToolCoordinator : No actions found; doing nothing
2024-02-16T13:07:08.822+09:00 DEBUG 19692 --- [    Test worker] o.h.internal.SessionFactoryRegistry      : Initializing SessionFactoryRegistry : org.hibernate.internal.SessionFactoryRegistry@6f8fb906
2024-02-16T13:07:08.822+09:00 DEBUG 19692 --- [    Test worker] o.h.internal.SessionFactoryRegistry      : Registering SessionFactory: cdfd44f6-44b5-407b-ace0-3cbe4165d79c (<unnamed>)
2024-02-16T13:07:08.822+09:00 DEBUG 19692 --- [    Test worker] o.h.internal.SessionFactoryRegistry      : Not binding SessionFactory to JNDI, no JNDI name configured
2024-02-16T13:07:08.822+09:00 DEBUG 19692 --- [    Test worker] o.hibernate.internal.SessionFactoryImpl  : Instantiated SessionFactory
2024-02-16T13:07:08.822+09:00  INFO 19692 --- [    Test worker] j.LocalContainerEntityManagerFactoryBean : Initialized JPA EntityManagerFactory for persistence unit 'default'
2024-02-16T13:07:09.891+09:00  WARN 19692 --- [    Test worker] JpaBaseConfiguration$JpaWebConfiguration : spring.jpa.open-in-view is enabled by default. Therefore, database queries may be performed during view rendering. Explicitly configure spring.jpa.open-in-view to disable this warning
2024-02-16T13:07:10.337+09:00 DEBUG 19692 --- [    Test worker] s.w.s.m.m.a.RequestMappingHandlerMapping : 13 mappings in 'requestMappingHandlerMapping'
2024-02-16T13:07:10.574+09:00 DEBUG 19692 --- [    Test worker] o.s.w.s.handler.SimpleUrlHandlerMapping  : Patterns [/webjars/**, /**] in 'resourceHandlerMapping'
2024-02-16T13:07:10.936+09:00  INFO 19692 --- [    Test worker] o.s.s.web.DefaultSecurityFilterChain     : Will secure any request with [org.springframework.security.web.session.DisableEncodeUrlFilter@c950fd, org.springframework.security.web.context.request.async.WebAsyncManagerIntegrationFilter@41962299, org.springframework.security.web.context.SecurityContextHolderFilter@73d7e7aa, org.springframework.security.web.header.HeaderWriterFilter@46f597f1, org.springframework.web.filter.CorsFilter@3f910f36, org.springframework.security.web.authentication.logout.LogoutFilter@5afaae7e, com.example.keyboard.config.Filter.JWTFilter@6421bc7e, com.example.keyboard.config.Filter.LoginFilter@2e2546bf, org.springframework.security.web.savedrequest.RequestCacheAwareFilter@5c3e7128, org.springframework.security.web.servletapi.SecurityContextHolderAwareRequestFilter@5ce03a9d, org.springframework.security.web.authentication.AnonymousAuthenticationFilter@5e572b08, org.springframework.security.web.session.SessionManagementFilter@48861d1, org.springframework.security.web.access.ExceptionTranslationFilter@5a2297d7, org.springframework.security.web.access.intercept.AuthorizationFilter@363ee411]
2024-02-16T13:07:11.693+09:00 DEBUG 19692 --- [    Test worker] s.w.s.m.m.a.RequestMappingHandlerAdapter : ControllerAdvice beans: 0 @ModelAttribute, 0 @InitBinder, 1 RequestBodyAdvice, 1 ResponseBodyAdvice
2024-02-16T13:07:11.761+09:00 DEBUG 19692 --- [    Test worker] .m.m.a.ExceptionHandlerExceptionResolver : ControllerAdvice beans: 0 @ExceptionHandler, 1 ResponseBodyAdvice
2024-02-16T13:07:12.215+09:00  INFO 19692 --- [    Test worker] c.e.keyboard.KeyboardApplicationTests    : Started KeyboardApplicationTests in 10.513 seconds (process running for 13.432)
]]></system-out>
  <system-err><![CDATA[]]></system-err>
</testsuite>
